0 info it worked if it ends with ok
1 verbose cli [ '/usr/local/bin/node',
1 verbose cli   '/usr/local/bin/npm',
1 verbose cli   'install',
1 verbose cli   '-g',
1 verbose cli   'ios-sim' ]
2 info using npm@3.5.2
3 info using node@v5.1.0
4 silly loadCurrentTree Starting
5 silly install loadCurrentTree
6 silly install readGlobalPackageData
7 silly fetchPackageMetaData ios-sim
8 silly fetchNamedPackageData ios-sim
9 silly mapToRegistry name ios-sim
10 silly mapToRegistry using default registry
11 silly mapToRegistry registry https://registry.npmjs.org/
12 silly mapToRegistry uri https://registry.npmjs.org/ios-sim
13 verbose request uri https://registry.npmjs.org/ios-sim
14 verbose request no auth needed
15 info attempt registry request try #1 at 1:49:41 PM
16 verbose request id 8cef6077ca186083
17 http request GET https://registry.npmjs.org/ios-sim
18 http 200 https://registry.npmjs.org/ios-sim
19 verbose headers { server: 'CouchDB/1.5.0 (Erlang OTP/R16B03)',
19 verbose headers   etag: '"40T4Q8K92RYWIMZ5K5NVSZV3A"',
19 verbose headers   'content-type': 'application/json',
19 verbose headers   'content-encoding': 'gzip',
19 verbose headers   'cache-control': 'max-age=300',
19 verbose headers   'content-length': '5393',
19 verbose headers   'accept-ranges': 'bytes',
19 verbose headers   date: 'Tue, 03 May 2016 18:49:42 GMT',
19 verbose headers   via: '1.1 varnish',
19 verbose headers   age: '0',
19 verbose headers   connection: 'keep-alive',
19 verbose headers   'x-served-by': 'cache-atl6224-ATL',
19 verbose headers   'x-cache': 'HIT',
19 verbose headers   'x-cache-hits': '1',
19 verbose headers   'x-timer': 'S1462301382.118786,VS0,VE81',
19 verbose headers   vary: 'Accept-Encoding' }
20 silly get cb [ 200,
20 silly get   { server: 'CouchDB/1.5.0 (Erlang OTP/R16B03)',
20 silly get     etag: '"40T4Q8K92RYWIMZ5K5NVSZV3A"',
20 silly get     'content-type': 'application/json',
20 silly get     'content-encoding': 'gzip',
20 silly get     'cache-control': 'max-age=300',
20 silly get     'content-length': '5393',
20 silly get     'accept-ranges': 'bytes',
20 silly get     date: 'Tue, 03 May 2016 18:49:42 GMT',
20 silly get     via: '1.1 varnish',
20 silly get     age: '0',
20 silly get     connection: 'keep-alive',
20 silly get     'x-served-by': 'cache-atl6224-ATL',
20 silly get     'x-cache': 'HIT',
20 silly get     'x-cache-hits': '1',
20 silly get     'x-timer': 'S1462301382.118786,VS0,VE81',
20 silly get     vary: 'Accept-Encoding' } ]
21 verbose get saving ios-sim to /Users/Jhon/.npm/registry.npmjs.org/ios-sim/.cache.json
22 silly install normalizeTree
23 silly loadCurrentTree Finishing
24 silly loadIdealTree Starting
25 silly install loadIdealTree
26 silly cloneCurrentTree Starting
27 silly install cloneCurrentTreeToIdealTree
28 silly cloneCurrentTree Finishing
29 silly loadShrinkwrap Starting
30 silly install loadShrinkwrap
31 silly loadShrinkwrap Finishing
32 silly loadAllDepsIntoIdealTree Starting
33 silly install loadAllDepsIntoIdealTree
34 silly resolveWithNewModule ios-sim@5.0.8 checking installable status
35 silly cache add args [ 'ios-sim', null ]
36 verbose cache add spec ios-sim
37 silly cache add parsed spec Result {
37 silly cache add   raw: 'ios-sim',
37 silly cache add   scope: null,
37 silly cache add   name: 'ios-sim',
37 silly cache add   rawSpec: '',
37 silly cache add   spec: 'latest',
37 silly cache add   type: 'tag' }
38 silly addNamed ios-sim@latest
39 verbose addNamed "latest" is being treated as a dist-tag for ios-sim
40 info addNameTag [ 'ios-sim', 'latest' ]
41 silly mapToRegistry name ios-sim
42 silly mapToRegistry using default registry
43 silly mapToRegistry registry https://registry.npmjs.org/
44 silly mapToRegistry uri https://registry.npmjs.org/ios-sim
45 verbose addNameTag registry:https://registry.npmjs.org/ios-sim not in flight; fetching
46 verbose get https://registry.npmjs.org/ios-sim not expired, no request
47 silly addNameTag next cb for ios-sim with tag latest
48 silly addNamed ios-sim@5.0.8
49 verbose addNamed "5.0.8" is a plain semver version for ios-sim
50 silly mapToRegistry name ios-sim
51 silly mapToRegistry using default registry
52 silly mapToRegistry registry https://registry.npmjs.org/
53 silly mapToRegistry uri https://registry.npmjs.org/ios-sim
54 verbose addRemoteTarball https://registry.npmjs.org/ios-sim/-/ios-sim-5.0.8.tgz not in flight; adding
55 verbose addRemoteTarball [ 'https://registry.npmjs.org/ios-sim/-/ios-sim-5.0.8.tgz',
55 verbose addRemoteTarball   '20520bbcfdadb0b0cb08690b90969b6e60a9a796' ]
56 info retry fetch attempt 1 at 1:49:42 PM
57 info attempt registry request try #1 at 1:49:42 PM
58 http fetch GET https://registry.npmjs.org/ios-sim/-/ios-sim-5.0.8.tgz
59 http fetch 200 https://registry.npmjs.org/ios-sim/-/ios-sim-5.0.8.tgz
60 silly fetchAndShaCheck shasum 20520bbcfdadb0b0cb08690b90969b6e60a9a796
61 verbose addTmpTarball /var/folders/qc/tk5q9zk17v76lgnhlst4tcy40000gn/T/npm-48034-2d148268/registry.npmjs.org/ios-sim/-/ios-sim-5.0.8.tgz not in flight; adding
62 verbose addTmpTarball already have metadata; skipping unpack for ios-sim@5.0.8
63 silly cache afterAdd ios-sim@5.0.8
64 verbose afterAdd /Users/Jhon/.npm/ios-sim/5.0.8/package/package.json not in flight; writing
65 verbose afterAdd /Users/Jhon/.npm/ios-sim/5.0.8/package/package.json written
66 silly fetchNamedPackageData plist
67 silly mapToRegistry name plist
68 silly mapToRegistry using default registry
69 silly mapToRegistry registry https://registry.npmjs.org/
70 silly mapToRegistry uri https://registry.npmjs.org/plist
71 silly fetchNamedPackageData simctl
72 silly mapToRegistry name simctl
73 silly mapToRegistry using default registry
74 silly mapToRegistry registry https://registry.npmjs.org/
75 silly mapToRegistry uri https://registry.npmjs.org/simctl
76 silly fetchNamedPackageData nopt
77 silly mapToRegistry name nopt
78 silly mapToRegistry using default registry
79 silly mapToRegistry registry https://registry.npmjs.org/
80 silly mapToRegistry uri https://registry.npmjs.org/nopt
81 silly fetchNamedPackageData bplist-parser
82 silly mapToRegistry name bplist-parser
83 silly mapToRegistry using default registry
84 silly mapToRegistry registry https://registry.npmjs.org/
85 silly mapToRegistry uri https://registry.npmjs.org/bplist-parser
86 verbose request uri https://registry.npmjs.org/simctl
87 verbose request no auth needed
88 info attempt registry request try #1 at 1:49:44 PM
89 http request GET https://registry.npmjs.org/simctl
90 verbose request uri https://registry.npmjs.org/bplist-parser
91 verbose request no auth needed
92 info attempt registry request try #1 at 1:49:44 PM
93 verbose etag "AGWSPFCRLNGDFFNZ3XI793Q8Q"
94 http request GET https://registry.npmjs.org/bplist-parser
95 verbose request uri https://registry.npmjs.org/plist
96 verbose request no auth needed
97 info attempt registry request try #1 at 1:49:44 PM
98 verbose etag "2KJ1CKUE1UVRW3BVV1TEIE6KX"
99 http request GET https://registry.npmjs.org/plist
100 verbose request uri https://registry.npmjs.org/nopt
101 verbose request no auth needed
102 info attempt registry request try #1 at 1:49:44 PM
103 verbose etag "53NWQ6XY2NLAFB30G2E3W8W60"
104 http request GET https://registry.npmjs.org/nopt
105 http 304 https://registry.npmjs.org/plist
106 verbose headers { date: 'Tue, 03 May 2016 18:49:44 GMT',
106 verbose headers   via: '1.1 varnish',
106 verbose headers   'cache-control': 'max-age=300',
106 verbose headers   etag: '"2KJ1CKUE1UVRW3BVV1TEIE6KX"',
106 verbose headers   age: '127',
106 verbose headers   connection: 'keep-alive',
106 verbose headers   'x-served-by': 'cache-atl6229-ATL',
106 verbose headers   'x-cache': 'HIT',
106 verbose headers   'x-cache-hits': '1',
106 verbose headers   'x-timer': 'S1462301384.999070,VS0,VE0',
106 verbose headers   vary: 'Accept-Encoding' }
107 silly get cb [ 304,
107 silly get   { date: 'Tue, 03 May 2016 18:49:44 GMT',
107 silly get     via: '1.1 varnish',
107 silly get     'cache-control': 'max-age=300',
107 silly get     etag: '"2KJ1CKUE1UVRW3BVV1TEIE6KX"',
107 silly get     age: '127',
107 silly get     connection: 'keep-alive',
107 silly get     'x-served-by': 'cache-atl6229-ATL',
107 silly get     'x-cache': 'HIT',
107 silly get     'x-cache-hits': '1',
107 silly get     'x-timer': 'S1462301384.999070,VS0,VE0',
107 silly get     vary: 'Accept-Encoding' } ]
108 verbose etag https://registry.npmjs.org/plist from cache
109 verbose get saving plist to /Users/Jhon/.npm/registry.npmjs.org/plist/.cache.json
110 http 304 https://registry.npmjs.org/nopt
111 verbose headers { date: 'Tue, 03 May 2016 18:49:45 GMT',
111 verbose headers   via: '1.1 varnish',
111 verbose headers   'cache-control': 'max-age=300',
111 verbose headers   etag: '"53NWQ6XY2NLAFB30G2E3W8W60"',
111 verbose headers   age: '91',
111 verbose headers   connection: 'keep-alive',
111 verbose headers   'x-served-by': 'cache-atl6249-ATL',
111 verbose headers   'x-cache': 'HIT',
111 verbose headers   'x-cache-hits': '13',
111 verbose headers   'x-timer': 'S1462301385.001796,VS0,VE0',
111 verbose headers   vary: 'Accept-Encoding' }
112 silly get cb [ 304,
112 silly get   { date: 'Tue, 03 May 2016 18:49:45 GMT',
112 silly get     via: '1.1 varnish',
112 silly get     'cache-control': 'max-age=300',
112 silly get     etag: '"53NWQ6XY2NLAFB30G2E3W8W60"',
112 silly get     age: '91',
112 silly get     connection: 'keep-alive',
112 silly get     'x-served-by': 'cache-atl6249-ATL',
112 silly get     'x-cache': 'HIT',
112 silly get     'x-cache-hits': '13',
112 silly get     'x-timer': 'S1462301385.001796,VS0,VE0',
112 silly get     vary: 'Accept-Encoding' } ]
113 verbose etag https://registry.npmjs.org/nopt from cache
114 verbose get saving nopt to /Users/Jhon/.npm/registry.npmjs.org/nopt/.cache.json
115 silly resolveWithNewModule nopt@1.0.9 checking installable status
116 silly cache add args [ 'nopt@1.0.9', null ]
117 verbose cache add spec nopt@1.0.9
118 silly cache add parsed spec Result {
118 silly cache add   raw: 'nopt@1.0.9',
118 silly cache add   scope: null,
118 silly cache add   name: 'nopt',
118 silly cache add   rawSpec: '1.0.9',
118 silly cache add   spec: '1.0.9',
118 silly cache add   type: 'version' }
119 silly addNamed nopt@1.0.9
120 verbose addNamed "1.0.9" is a plain semver version for nopt
121 silly mapToRegistry name nopt
122 silly mapToRegistry using default registry
123 silly mapToRegistry registry https://registry.npmjs.org/
124 silly mapToRegistry uri https://registry.npmjs.org/nopt
125 verbose addNameVersion registry:https://registry.npmjs.org/nopt not in flight; fetching
126 silly resolveWithNewModule plist@1.2.0 checking installable status
127 silly cache add args [ 'plist@^1.2.0', null ]
128 verbose cache add spec plist@^1.2.0
129 silly cache add parsed spec Result {
129 silly cache add   raw: 'plist@^1.2.0',
129 silly cache add   scope: null,
129 silly cache add   name: 'plist',
129 silly cache add   rawSpec: '^1.2.0',
129 silly cache add   spec: '>=1.2.0 <2.0.0',
129 silly cache add   type: 'range' }
130 silly addNamed plist@>=1.2.0 <2.0.0
131 verbose addNamed ">=1.2.0 <2.0.0" is a valid semver range for plist
132 silly addNameRange { name: 'plist', range: '>=1.2.0 <2.0.0', hasData: false }
133 silly mapToRegistry name plist
134 silly mapToRegistry using default registry
135 silly mapToRegistry registry https://registry.npmjs.org/
136 silly mapToRegistry uri https://registry.npmjs.org/plist
137 verbose addNameRange registry:https://registry.npmjs.org/plist not in flight; fetching
138 verbose get https://registry.npmjs.org/nopt not expired, no request
139 verbose get https://registry.npmjs.org/plist not expired, no request
140 silly addNameRange number 2 { name: 'plist', range: '>=1.2.0 <2.0.0', hasData: true }
141 silly addNameRange versions [ 'plist',
141 silly addNameRange   [ '0.1.0',
141 silly addNameRange     '0.1.1',
141 silly addNameRange     '0.2.0',
141 silly addNameRange     '0.2.1',
141 silly addNameRange     '0.3.1',
141 silly addNameRange     '0.3.2',
141 silly addNameRange     '0.3.3',
141 silly addNameRange     '0.4.0',
141 silly addNameRange     '0.4.1',
141 silly addNameRange     '0.4.2',
141 silly addNameRange     '0.4.3',
141 silly addNameRange     '1.0.0',
141 silly addNameRange     '1.0.1',
141 silly addNameRange     '1.1.0',
141 silly addNameRange     '1.2.0' ] ]
142 silly addNamed plist@1.2.0
143 verbose addNamed "1.2.0" is a plain semver version for plist
144 silly mapToRegistry name nopt
145 silly mapToRegistry using default registry
146 silly mapToRegistry registry https://registry.npmjs.org/
147 silly mapToRegistry uri https://registry.npmjs.org/nopt
148 verbose addRemoteTarball https://registry.npmjs.org/nopt/-/nopt-1.0.9.tgz not in flight; adding
149 verbose addRemoteTarball [ 'https://registry.npmjs.org/nopt/-/nopt-1.0.9.tgz',
149 verbose addRemoteTarball   '3bc0d7cba7bfb0d5a676dbed7c0ebe48a4fd454e' ]
150 info retry fetch attempt 1 at 1:49:45 PM
151 info attempt registry request try #1 at 1:49:45 PM
152 http fetch GET https://registry.npmjs.org/nopt/-/nopt-1.0.9.tgz
153 silly cache afterAdd plist@1.2.0
154 verbose afterAdd /Users/Jhon/.npm/plist/1.2.0/package/package.json not in flight; writing
155 verbose afterAdd /Users/Jhon/.npm/plist/1.2.0/package/package.json written
156 http 200 https://registry.npmjs.org/simctl
157 verbose headers { server: 'CouchDB/1.5.0 (Erlang OTP/R16B03)',
157 verbose headers   etag: '"DMXP05YIUD43R0Q4Z5AT1HZEN"',
157 verbose headers   'content-type': 'application/json',
157 verbose headers   'cache-control': 'max-age=300',
157 verbose headers   'content-length': '8265',
157 verbose headers   'accept-ranges': 'bytes',
157 verbose headers   date: 'Tue, 03 May 2016 18:49:45 GMT',
157 verbose headers   via: '1.1 varnish',
157 verbose headers   age: '0',
157 verbose headers   connection: 'keep-alive',
157 verbose headers   'x-served-by': 'cache-atl6223-ATL',
157 verbose headers   'x-cache': 'HIT',
157 verbose headers   'x-cache-hits': '1',
157 verbose headers   'x-timer': 'S1462301384.993765,VS0,VE51',
157 verbose headers   vary: 'Accept-Encoding' }
158 silly get cb [ 200,
158 silly get   { server: 'CouchDB/1.5.0 (Erlang OTP/R16B03)',
158 silly get     etag: '"DMXP05YIUD43R0Q4Z5AT1HZEN"',
158 silly get     'content-type': 'application/json',
158 silly get     'cache-control': 'max-age=300',
158 silly get     'content-length': '8265',
158 silly get     'accept-ranges': 'bytes',
158 silly get     date: 'Tue, 03 May 2016 18:49:45 GMT',
158 silly get     via: '1.1 varnish',
158 silly get     age: '0',
158 silly get     connection: 'keep-alive',
158 silly get     'x-served-by': 'cache-atl6223-ATL',
158 silly get     'x-cache': 'HIT',
158 silly get     'x-cache-hits': '1',
158 silly get     'x-timer': 'S1462301384.993765,VS0,VE51',
158 silly get     vary: 'Accept-Encoding' } ]
159 verbose get saving simctl to /Users/Jhon/.npm/registry.npmjs.org/simctl/.cache.json
160 silly resolveWithNewModule simctl@0.0.9 checking installable status
161 silly cache add args [ 'simctl@^0.0.9', null ]
162 verbose cache add spec simctl@^0.0.9
163 silly cache add parsed spec Result {
163 silly cache add   raw: 'simctl@^0.0.9',
163 silly cache add   scope: null,
163 silly cache add   name: 'simctl',
163 silly cache add   rawSpec: '^0.0.9',
163 silly cache add   spec: '>=0.0.9 <0.0.10',
163 silly cache add   type: 'range' }
164 silly addNamed simctl@>=0.0.9 <0.0.10
165 verbose addNamed ">=0.0.9 <0.0.10" is a valid semver range for simctl
166 silly addNameRange { name: 'simctl', range: '>=0.0.9 <0.0.10', hasData: false }
167 silly mapToRegistry name simctl
168 silly mapToRegistry using default registry
169 silly mapToRegistry registry https://registry.npmjs.org/
170 silly mapToRegistry uri https://registry.npmjs.org/simctl
171 verbose addNameRange registry:https://registry.npmjs.org/simctl not in flight; fetching
172 verbose get https://registry.npmjs.org/simctl not expired, no request
173 silly addNameRange number 2 { name: 'simctl', range: '>=0.0.9 <0.0.10', hasData: true }
174 silly addNameRange versions [ 'simctl',
174 silly addNameRange   [ '0.0.1',
174 silly addNameRange     '0.0.2',
174 silly addNameRange     '0.0.3',
174 silly addNameRange     '0.0.5',
174 silly addNameRange     '0.0.6',
174 silly addNameRange     '0.0.7',
174 silly addNameRange     '0.0.8',
174 silly addNameRange     '0.0.9' ] ]
175 silly addNamed simctl@0.0.9
176 verbose addNamed "0.0.9" is a plain semver version for simctl
177 silly mapToRegistry name simctl
178 silly mapToRegistry using default registry
179 silly mapToRegistry registry https://registry.npmjs.org/
180 silly mapToRegistry uri https://registry.npmjs.org/simctl
181 verbose addRemoteTarball https://registry.npmjs.org/simctl/-/simctl-0.0.9.tgz not in flight; adding
182 verbose addRemoteTarball [ 'https://registry.npmjs.org/simctl/-/simctl-0.0.9.tgz',
182 verbose addRemoteTarball   'cd36c9d3a1ae1709645f97e0ce205cc3cac6fd1b' ]
183 info retry fetch attempt 1 at 1:49:45 PM
184 info attempt registry request try #1 at 1:49:45 PM
185 http fetch GET https://registry.npmjs.org/simctl/-/simctl-0.0.9.tgz
186 http 304 https://registry.npmjs.org/bplist-parser
187 verbose headers { date: 'Tue, 03 May 2016 18:49:44 GMT',
187 verbose headers   via: '1.1 varnish',
187 verbose headers   'cache-control': 'max-age=300',
187 verbose headers   etag: '"AGWSPFCRLNGDFFNZ3XI793Q8Q"',
187 verbose headers   age: '127',
187 verbose headers   connection: 'keep-alive',
187 verbose headers   'x-served-by': 'cache-atl6243-ATL',
187 verbose headers   'x-cache': 'HIT',
187 verbose headers   'x-cache-hits': '1',
187 verbose headers   'x-timer': 'S1462301384.999560,VS0,VE0',
187 verbose headers   vary: 'Accept-Encoding' }
188 silly get cb [ 304,
188 silly get   { date: 'Tue, 03 May 2016 18:49:44 GMT',
188 silly get     via: '1.1 varnish',
188 silly get     'cache-control': 'max-age=300',
188 silly get     etag: '"AGWSPFCRLNGDFFNZ3XI793Q8Q"',
188 silly get     age: '127',
188 silly get     connection: 'keep-alive',
188 silly get     'x-served-by': 'cache-atl6243-ATL',
188 silly get     'x-cache': 'HIT',
188 silly get     'x-cache-hits': '1',
188 silly get     'x-timer': 'S1462301384.999560,VS0,VE0',
188 silly get     vary: 'Accept-Encoding' } ]
189 verbose etag https://registry.npmjs.org/bplist-parser from cache
190 verbose get saving bplist-parser to /Users/Jhon/.npm/registry.npmjs.org/bplist-parser/.cache.json
191 silly resolveWithNewModule bplist-parser@0.0.6 checking installable status
192 silly cache add args [ 'bplist-parser@^0.0.6', null ]
193 verbose cache add spec bplist-parser@^0.0.6
194 silly cache add parsed spec Result {
194 silly cache add   raw: 'bplist-parser@^0.0.6',
194 silly cache add   scope: null,
194 silly cache add   name: 'bplist-parser',
194 silly cache add   rawSpec: '^0.0.6',
194 silly cache add   spec: '>=0.0.6 <0.0.7',
194 silly cache add   type: 'range' }
195 silly addNamed bplist-parser@>=0.0.6 <0.0.7
196 verbose addNamed ">=0.0.6 <0.0.7" is a valid semver range for bplist-parser
197 silly addNameRange { name: 'bplist-parser',
197 silly addNameRange   range: '>=0.0.6 <0.0.7',
197 silly addNameRange   hasData: false }
198 silly mapToRegistry name bplist-parser
199 silly mapToRegistry using default registry
200 silly mapToRegistry registry https://registry.npmjs.org/
201 silly mapToRegistry uri https://registry.npmjs.org/bplist-parser
202 verbose addNameRange registry:https://registry.npmjs.org/bplist-parser not in flight; fetching
203 verbose get https://registry.npmjs.org/bplist-parser not expired, no request
204 silly addNameRange number 2 { name: 'bplist-parser', range: '>=0.0.6 <0.0.7', hasData: true }
205 silly addNameRange versions [ 'bplist-parser',
205 silly addNameRange   [ '0.0.1',
205 silly addNameRange     '0.0.2',
205 silly addNameRange     '0.0.3',
205 silly addNameRange     '0.0.4',
205 silly addNameRange     '0.0.5',
205 silly addNameRange     '0.0.6',
205 silly addNameRange     '0.1.0',
205 silly addNameRange     '0.1.1' ] ]
206 silly addNamed bplist-parser@0.0.6
207 verbose addNamed "0.0.6" is a plain semver version for bplist-parser
208 silly cache afterAdd bplist-parser@0.0.6
209 verbose afterAdd /Users/Jhon/.npm/bplist-parser/0.0.6/package/package.json not in flight; writing
210 verbose afterAdd /Users/Jhon/.npm/bplist-parser/0.0.6/package/package.json written
211 http fetch 200 https://registry.npmjs.org/simctl/-/simctl-0.0.9.tgz
212 silly fetchAndShaCheck shasum cd36c9d3a1ae1709645f97e0ce205cc3cac6fd1b
213 verbose addTmpTarball /var/folders/qc/tk5q9zk17v76lgnhlst4tcy40000gn/T/npm-48034-2d148268/registry.npmjs.org/simctl/-/simctl-0.0.9.tgz not in flight; adding
214 verbose addTmpTarball already have metadata; skipping unpack for simctl@0.0.9
215 silly cache afterAdd simctl@0.0.9
216 verbose afterAdd /Users/Jhon/.npm/simctl/0.0.9/package/package.json not in flight; writing
217 verbose afterAdd /Users/Jhon/.npm/simctl/0.0.9/package/package.json written
218 http fetch 200 https://registry.npmjs.org/nopt/-/nopt-1.0.9.tgz
219 silly fetchAndShaCheck shasum 3bc0d7cba7bfb0d5a676dbed7c0ebe48a4fd454e
220 verbose addTmpTarball /var/folders/qc/tk5q9zk17v76lgnhlst4tcy40000gn/T/npm-48034-2d148268/registry.npmjs.org/nopt/-/nopt-1.0.9.tgz not in flight; adding
221 verbose addTmpTarball already have metadata; skipping unpack for nopt@1.0.9
222 silly cache afterAdd nopt@1.0.9
223 verbose afterAdd /Users/Jhon/.npm/nopt/1.0.9/package/package.json not in flight; writing
224 verbose afterAdd /Users/Jhon/.npm/nopt/1.0.9/package/package.json written
225 silly fetchNamedPackageData abbrev
226 silly mapToRegistry name abbrev
227 silly mapToRegistry using default registry
228 silly mapToRegistry registry https://registry.npmjs.org/
229 silly mapToRegistry uri https://registry.npmjs.org/abbrev
230 verbose request uri https://registry.npmjs.org/abbrev
231 verbose request no auth needed
232 info attempt registry request try #1 at 1:49:46 PM
233 verbose etag "5COR5F08LNF679JR9VE4E6VZW"
234 http request GET https://registry.npmjs.org/abbrev
235 http 304 https://registry.npmjs.org/abbrev
236 verbose headers { date: 'Tue, 03 May 2016 18:49:46 GMT',
236 verbose headers   via: '1.1 varnish',
236 verbose headers   'cache-control': 'max-age=300',
236 verbose headers   etag: '"5COR5F08LNF679JR9VE4E6VZW"',
236 verbose headers   age: '202',
236 verbose headers   connection: 'keep-alive',
236 verbose headers   'x-served-by': 'cache-atl6235-ATL',
236 verbose headers   'x-cache': 'HIT',
236 verbose headers   'x-cache-hits': '11',
236 verbose headers   'x-timer': 'S1462301386.712605,VS0,VE0',
236 verbose headers   vary: 'Accept-Encoding' }
237 silly get cb [ 304,
237 silly get   { date: 'Tue, 03 May 2016 18:49:46 GMT',
237 silly get     via: '1.1 varnish',
237 silly get     'cache-control': 'max-age=300',
237 silly get     etag: '"5COR5F08LNF679JR9VE4E6VZW"',
237 silly get     age: '202',
237 silly get     connection: 'keep-alive',
237 silly get     'x-served-by': 'cache-atl6235-ATL',
237 silly get     'x-cache': 'HIT',
237 silly get     'x-cache-hits': '11',
237 silly get     'x-timer': 'S1462301386.712605,VS0,VE0',
237 silly get     vary: 'Accept-Encoding' } ]
238 verbose etag https://registry.npmjs.org/abbrev from cache
239 verbose get saving abbrev to /Users/Jhon/.npm/registry.npmjs.org/abbrev/.cache.json
240 silly resolveWithNewModule abbrev@1.0.7 checking installable status
241 silly cache add args [ 'abbrev@1', null ]
242 verbose cache add spec abbrev@1
243 silly cache add parsed spec Result {
243 silly cache add   raw: 'abbrev@1',
243 silly cache add   scope: null,
243 silly cache add   name: 'abbrev',
243 silly cache add   rawSpec: '1',
243 silly cache add   spec: '>=1.0.0 <2.0.0',
243 silly cache add   type: 'range' }
244 silly addNamed abbrev@>=1.0.0 <2.0.0
245 verbose addNamed ">=1.0.0 <2.0.0" is a valid semver range for abbrev
246 silly addNameRange { name: 'abbrev', range: '>=1.0.0 <2.0.0', hasData: false }
247 silly mapToRegistry name abbrev
248 silly mapToRegistry using default registry
249 silly mapToRegistry registry https://registry.npmjs.org/
250 silly mapToRegistry uri https://registry.npmjs.org/abbrev
251 verbose addNameRange registry:https://registry.npmjs.org/abbrev not in flight; fetching
252 verbose get https://registry.npmjs.org/abbrev not expired, no request
253 silly addNameRange number 2 { name: 'abbrev', range: '>=1.0.0 <2.0.0', hasData: true }
254 silly addNameRange versions [ 'abbrev', [ '1.0.3', '1.0.4', '1.0.5', '1.0.6', '1.0.7' ] ]
255 silly addNamed abbrev@1.0.7
256 verbose addNamed "1.0.7" is a plain semver version for abbrev
257 silly cache afterAdd abbrev@1.0.7
258 verbose afterAdd /Users/Jhon/.npm/abbrev/1.0.7/package/package.json not in flight; writing
259 verbose afterAdd /Users/Jhon/.npm/abbrev/1.0.7/package/package.json written
260 silly fetchNamedPackageData base64-js
261 silly mapToRegistry name base64-js
262 silly mapToRegistry using default registry
263 silly mapToRegistry registry https://registry.npmjs.org/
264 silly mapToRegistry uri https://registry.npmjs.org/base64-js
265 silly fetchNamedPackageData xmlbuilder
266 silly mapToRegistry name xmlbuilder
267 silly mapToRegistry using default registry
268 silly mapToRegistry registry https://registry.npmjs.org/
269 silly mapToRegistry uri https://registry.npmjs.org/xmlbuilder
270 silly fetchNamedPackageData xmldom
271 silly mapToRegistry name xmldom
272 silly mapToRegistry using default registry
273 silly mapToRegistry registry https://registry.npmjs.org/
274 silly mapToRegistry uri https://registry.npmjs.org/xmldom
275 silly fetchNamedPackageData util-deprecate
276 silly mapToRegistry name util-deprecate
277 silly mapToRegistry using default registry
278 silly mapToRegistry registry https://registry.npmjs.org/
279 silly mapToRegistry uri https://registry.npmjs.org/util-deprecate
280 verbose request uri https://registry.npmjs.org/base64-js
281 verbose request no auth needed
282 info attempt registry request try #1 at 1:49:47 PM
283 verbose etag "DE7IP3N2ZOSYM9WJFO7XTR2PZ"
284 http request GET https://registry.npmjs.org/base64-js
285 verbose request uri https://registry.npmjs.org/xmldom
286 verbose request no auth needed
287 info attempt registry request try #1 at 1:49:47 PM
288 verbose etag "1S9SRL5LPRHIOVPX5XW3ALB9W"
289 http request GET https://registry.npmjs.org/xmldom
290 verbose request uri https://registry.npmjs.org/util-deprecate
291 verbose request no auth needed
292 info attempt registry request try #1 at 1:49:47 PM
293 verbose etag "363T1WE4HHZV0LMEHAOBAVT0G"
294 http request GET https://registry.npmjs.org/util-deprecate
295 verbose request uri https://registry.npmjs.org/xmlbuilder
296 verbose request no auth needed
297 info attempt registry request try #1 at 1:49:47 PM
298 verbose etag "NGD2UFIMEZ7Z0U5EL2PWCR6K"
299 http request GET https://registry.npmjs.org/xmlbuilder
300 http 304 https://registry.npmjs.org/xmldom
301 verbose headers { date: 'Tue, 03 May 2016 18:49:47 GMT',
301 verbose headers   via: '1.1 varnish',
301 verbose headers   'cache-control': 'max-age=300',
301 verbose headers   etag: '"1S9SRL5LPRHIOVPX5XW3ALB9W"',
301 verbose headers   age: '58',
301 verbose headers   connection: 'keep-alive',
301 verbose headers   'x-served-by': 'cache-atl6234-ATL',
301 verbose headers   'x-cache': 'HIT',
301 verbose headers   'x-cache-hits': '2',
301 verbose headers   'x-timer': 'S1462301387.601904,VS0,VE0',
301 verbose headers   vary: 'Accept-Encoding' }
302 silly get cb [ 304,
302 silly get   { date: 'Tue, 03 May 2016 18:49:47 GMT',
302 silly get     via: '1.1 varnish',
302 silly get     'cache-control': 'max-age=300',
302 silly get     etag: '"1S9SRL5LPRHIOVPX5XW3ALB9W"',
302 silly get     age: '58',
302 silly get     connection: 'keep-alive',
302 silly get     'x-served-by': 'cache-atl6234-ATL',
302 silly get     'x-cache': 'HIT',
302 silly get     'x-cache-hits': '2',
302 silly get     'x-timer': 'S1462301387.601904,VS0,VE0',
302 silly get     vary: 'Accept-Encoding' } ]
303 verbose etag https://registry.npmjs.org/xmldom from cache
304 verbose get saving xmldom to /Users/Jhon/.npm/registry.npmjs.org/xmldom/.cache.json
305 silly resolveWithNewModule xmldom@0.1.22 checking installable status
306 silly cache add args [ 'xmldom@0.1.x', null ]
307 verbose cache add spec xmldom@0.1.x
308 silly cache add parsed spec Result {
308 silly cache add   raw: 'xmldom@0.1.x',
308 silly cache add   scope: null,
308 silly cache add   name: 'xmldom',
308 silly cache add   rawSpec: '0.1.x',
308 silly cache add   spec: '>=0.1.0 <0.2.0',
308 silly cache add   type: 'range' }
309 silly addNamed xmldom@>=0.1.0 <0.2.0
310 verbose addNamed ">=0.1.0 <0.2.0" is a valid semver range for xmldom
311 silly addNameRange { name: 'xmldom', range: '>=0.1.0 <0.2.0', hasData: false }
312 silly mapToRegistry name xmldom
313 silly mapToRegistry using default registry
314 silly mapToRegistry registry https://registry.npmjs.org/
315 silly mapToRegistry uri https://registry.npmjs.org/xmldom
316 verbose addNameRange registry:https://registry.npmjs.org/xmldom not in flight; fetching
317 verbose get https://registry.npmjs.org/xmldom not expired, no request
318 silly addNameRange number 2 { name: 'xmldom', range: '>=0.1.0 <0.2.0', hasData: true }
319 silly addNameRange versions [ 'xmldom',
319 silly addNameRange   [ '0.1.0',
319 silly addNameRange     '0.1.1',
319 silly addNameRange     '0.1.2',
319 silly addNameRange     '0.1.3',
319 silly addNameRange     '0.1.4',
319 silly addNameRange     '0.1.5',
319 silly addNameRange     '0.1.6',
319 silly addNameRange     '0.1.7',
319 silly addNameRange     '0.1.8',
319 silly addNameRange     '0.1.9',
319 silly addNameRange     '0.1.10',
319 silly addNameRange     '0.1.11',
319 silly addNameRange     '0.1.12',
319 silly addNameRange     '0.1.13',
319 silly addNameRange     '0.1.14',
319 silly addNameRange     '0.1.15',
319 silly addNameRange     '0.1.16',
319 silly addNameRange     '0.1.17',
319 silly addNameRange     '0.1.18',
319 silly addNameRange     '0.1.19',
319 silly addNameRange     '0.1.20',
319 silly addNameRange     '0.1.21',
319 silly addNameRange     '0.1.22' ] ]
320 silly addNamed xmldom@0.1.22
321 verbose addNamed "0.1.22" is a plain semver version for xmldom
322 silly cache afterAdd xmldom@0.1.22
323 verbose afterAdd /Users/Jhon/.npm/xmldom/0.1.22/package/package.json not in flight; writing
324 verbose afterAdd /Users/Jhon/.npm/xmldom/0.1.22/package/package.json written
325 http 304 https://registry.npmjs.org/xmlbuilder
326 verbose headers { date: 'Tue, 03 May 2016 18:49:47 GMT',
326 verbose headers   via: '1.1 varnish',
326 verbose headers   'cache-control': 'max-age=300',
326 verbose headers   etag: '"NGD2UFIMEZ7Z0U5EL2PWCR6K"',
326 verbose headers   age: '240',
326 verbose headers   connection: 'keep-alive',
326 verbose headers   'x-served-by': 'cache-atl6225-ATL',
326 verbose headers   'x-cache': 'HIT',
326 verbose headers   'x-cache-hits': '7',
326 verbose headers   'x-timer': 'S1462301387.632227,VS0,VE0',
326 verbose headers   vary: 'Accept-Encoding' }
327 silly get cb [ 304,
327 silly get   { date: 'Tue, 03 May 2016 18:49:47 GMT',
327 silly get     via: '1.1 varnish',
327 silly get     'cache-control': 'max-age=300',
327 silly get     etag: '"NGD2UFIMEZ7Z0U5EL2PWCR6K"',
327 silly get     age: '240',
327 silly get     connection: 'keep-alive',
327 silly get     'x-served-by': 'cache-atl6225-ATL',
327 silly get     'x-cache': 'HIT',
327 silly get     'x-cache-hits': '7',
327 silly get     'x-timer': 'S1462301387.632227,VS0,VE0',
327 silly get     vary: 'Accept-Encoding' } ]
328 verbose etag https://registry.npmjs.org/xmlbuilder from cache
329 verbose get saving xmlbuilder to /Users/Jhon/.npm/registry.npmjs.org/xmlbuilder/.cache.json
330 http 304 https://registry.npmjs.org/base64-js
331 verbose headers { date: 'Tue, 03 May 2016 18:49:47 GMT',
331 verbose headers   via: '1.1 varnish',
331 verbose headers   'cache-control': 'max-age=300',
331 verbose headers   etag: '"DE7IP3N2ZOSYM9WJFO7XTR2PZ"',
331 verbose headers   age: '176',
331 verbose headers   connection: 'keep-alive',
331 verbose headers   'x-served-by': 'cache-atl6241-ATL',
331 verbose headers   'x-cache': 'HIT',
331 verbose headers   'x-cache-hits': '4',
331 verbose headers   'x-timer': 'S1462301387.631186,VS0,VE0',
331 verbose headers   vary: 'Accept-Encoding' }
332 silly get cb [ 304,
332 silly get   { date: 'Tue, 03 May 2016 18:49:47 GMT',
332 silly get     via: '1.1 varnish',
332 silly get     'cache-control': 'max-age=300',
332 silly get     etag: '"DE7IP3N2ZOSYM9WJFO7XTR2PZ"',
332 silly get     age: '176',
332 silly get     connection: 'keep-alive',
332 silly get     'x-served-by': 'cache-atl6241-ATL',
332 silly get     'x-cache': 'HIT',
332 silly get     'x-cache-hits': '4',
332 silly get     'x-timer': 'S1462301387.631186,VS0,VE0',
332 silly get     vary: 'Accept-Encoding' } ]
333 verbose etag https://registry.npmjs.org/base64-js from cache
334 verbose get saving base64-js to /Users/Jhon/.npm/registry.npmjs.org/base64-js/.cache.json
335 http 304 https://registry.npmjs.org/util-deprecate
336 verbose headers { date: 'Tue, 03 May 2016 18:49:47 GMT',
336 verbose headers   via: '1.1 varnish',
336 verbose headers   'cache-control': 'max-age=300',
336 verbose headers   etag: '"363T1WE4HHZV0LMEHAOBAVT0G"',
336 verbose headers   age: '237',
336 verbose headers   connection: 'keep-alive',
336 verbose headers   'x-served-by': 'cache-atl6244-ATL',
336 verbose headers   'x-cache': 'HIT',
336 verbose headers   'x-cache-hits': '29',
336 verbose headers   'x-timer': 'S1462301387.630932,VS0,VE0',
336 verbose headers   vary: 'Accept-Encoding' }
337 silly get cb [ 304,
337 silly get   { date: 'Tue, 03 May 2016 18:49:47 GMT',
337 silly get     via: '1.1 varnish',
337 silly get     'cache-control': 'max-age=300',
337 silly get     etag: '"363T1WE4HHZV0LMEHAOBAVT0G"',
337 silly get     age: '237',
337 silly get     connection: 'keep-alive',
337 silly get     'x-served-by': 'cache-atl6244-ATL',
337 silly get     'x-cache': 'HIT',
337 silly get     'x-cache-hits': '29',
337 silly get     'x-timer': 'S1462301387.630932,VS0,VE0',
337 silly get     vary: 'Accept-Encoding' } ]
338 verbose etag https://registry.npmjs.org/util-deprecate from cache
339 verbose get saving util-deprecate to /Users/Jhon/.npm/registry.npmjs.org/util-deprecate/.cache.json
340 silly resolveWithNewModule util-deprecate@1.0.2 checking installable status
341 silly cache add args [ 'util-deprecate@1.0.2', null ]
342 verbose cache add spec util-deprecate@1.0.2
343 silly cache add parsed spec Result {
343 silly cache add   raw: 'util-deprecate@1.0.2',
343 silly cache add   scope: null,
343 silly cache add   name: 'util-deprecate',
343 silly cache add   rawSpec: '1.0.2',
343 silly cache add   spec: '1.0.2',
343 silly cache add   type: 'version' }
344 silly addNamed util-deprecate@1.0.2
345 verbose addNamed "1.0.2" is a plain semver version for util-deprecate
346 silly mapToRegistry name util-deprecate
347 silly mapToRegistry using default registry
348 silly mapToRegistry registry https://registry.npmjs.org/
349 silly mapToRegistry uri https://registry.npmjs.org/util-deprecate
350 verbose addNameVersion registry:https://registry.npmjs.org/util-deprecate not in flight; fetching
351 silly resolveWithNewModule xmlbuilder@4.0.0 checking installable status
352 silly cache add args [ 'xmlbuilder@4.0.0', null ]
353 verbose cache add spec xmlbuilder@4.0.0
354 silly cache add parsed spec Result {
354 silly cache add   raw: 'xmlbuilder@4.0.0',
354 silly cache add   scope: null,
354 silly cache add   name: 'xmlbuilder',
354 silly cache add   rawSpec: '4.0.0',
354 silly cache add   spec: '4.0.0',
354 silly cache add   type: 'version' }
355 silly addNamed xmlbuilder@4.0.0
356 verbose addNamed "4.0.0" is a plain semver version for xmlbuilder
357 silly mapToRegistry name xmlbuilder
358 silly mapToRegistry using default registry
359 silly mapToRegistry registry https://registry.npmjs.org/
360 silly mapToRegistry uri https://registry.npmjs.org/xmlbuilder
361 verbose addNameVersion registry:https://registry.npmjs.org/xmlbuilder not in flight; fetching
362 silly resolveWithNewModule base64-js@0.0.8 checking installable status
363 silly cache add args [ 'base64-js@0.0.8', null ]
364 verbose cache add spec base64-js@0.0.8
365 silly cache add parsed spec Result {
365 silly cache add   raw: 'base64-js@0.0.8',
365 silly cache add   scope: null,
365 silly cache add   name: 'base64-js',
365 silly cache add   rawSpec: '0.0.8',
365 silly cache add   spec: '0.0.8',
365 silly cache add   type: 'version' }
366 silly addNamed base64-js@0.0.8
367 verbose addNamed "0.0.8" is a plain semver version for base64-js
368 silly mapToRegistry name base64-js
369 silly mapToRegistry using default registry
370 silly mapToRegistry registry https://registry.npmjs.org/
371 silly mapToRegistry uri https://registry.npmjs.org/base64-js
372 verbose addNameVersion registry:https://registry.npmjs.org/base64-js not in flight; fetching
373 verbose get https://registry.npmjs.org/util-deprecate not expired, no request
374 verbose get https://registry.npmjs.org/xmlbuilder not expired, no request
375 verbose get https://registry.npmjs.org/base64-js not expired, no request
376 silly cache afterAdd util-deprecate@1.0.2
377 verbose afterAdd /Users/Jhon/.npm/util-deprecate/1.0.2/package/package.json not in flight; writing
378 silly cache afterAdd xmlbuilder@4.0.0
379 verbose afterAdd /Users/Jhon/.npm/xmlbuilder/4.0.0/package/package.json not in flight; writing
380 silly cache afterAdd base64-js@0.0.8
381 verbose afterAdd /Users/Jhon/.npm/base64-js/0.0.8/package/package.json not in flight; writing
382 verbose afterAdd /Users/Jhon/.npm/util-deprecate/1.0.2/package/package.json written
383 verbose afterAdd /Users/Jhon/.npm/base64-js/0.0.8/package/package.json written
384 verbose afterAdd /Users/Jhon/.npm/xmlbuilder/4.0.0/package/package.json written
385 silly fetchNamedPackageData lodash
386 silly mapToRegistry name lodash
387 silly mapToRegistry using default registry
388 silly mapToRegistry registry https://registry.npmjs.org/
389 silly mapToRegistry uri https://registry.npmjs.org/lodash
390 verbose request uri https://registry.npmjs.org/lodash
391 verbose request no auth needed
392 info attempt registry request try #1 at 1:49:48 PM
393 verbose etag "D2GWPI3LZLAHRHJB23N2B2NNW"
394 http request GET https://registry.npmjs.org/lodash
395 http 304 https://registry.npmjs.org/lodash
396 verbose headers { date: 'Tue, 03 May 2016 18:49:48 GMT',
396 verbose headers   via: '1.1 varnish',
396 verbose headers   'cache-control': 'max-age=300',
396 verbose headers   etag: '"D2GWPI3LZLAHRHJB23N2B2NNW"',
396 verbose headers   age: '42',
396 verbose headers   connection: 'keep-alive',
396 verbose headers   'x-served-by': 'cache-atl6228-ATL',
396 verbose headers   'x-cache': 'HIT',
396 verbose headers   'x-cache-hits': '7',
396 verbose headers   'x-timer': 'S1462301388.490873,VS0,VE0',
396 verbose headers   vary: 'Accept-Encoding' }
397 silly get cb [ 304,
397 silly get   { date: 'Tue, 03 May 2016 18:49:48 GMT',
397 silly get     via: '1.1 varnish',
397 silly get     'cache-control': 'max-age=300',
397 silly get     etag: '"D2GWPI3LZLAHRHJB23N2B2NNW"',
397 silly get     age: '42',
397 silly get     connection: 'keep-alive',
397 silly get     'x-served-by': 'cache-atl6228-ATL',
397 silly get     'x-cache': 'HIT',
397 silly get     'x-cache-hits': '7',
397 silly get     'x-timer': 'S1462301388.490873,VS0,VE0',
397 silly get     vary: 'Accept-Encoding' } ]
398 verbose etag https://registry.npmjs.org/lodash from cache
399 verbose get saving lodash to /Users/Jhon/.npm/registry.npmjs.org/lodash/.cache.json
400 silly resolveWithNewModule lodash@3.10.1 checking installable status
401 silly cache add args [ 'lodash@^3.5.0', null ]
402 verbose cache add spec lodash@^3.5.0
403 silly cache add parsed spec Result {
403 silly cache add   raw: 'lodash@^3.5.0',
403 silly cache add   scope: null,
403 silly cache add   name: 'lodash',
403 silly cache add   rawSpec: '^3.5.0',
403 silly cache add   spec: '>=3.5.0 <4.0.0',
403 silly cache add   type: 'range' }
404 silly addNamed lodash@>=3.5.0 <4.0.0
405 verbose addNamed ">=3.5.0 <4.0.0" is a valid semver range for lodash
406 silly addNameRange { name: 'lodash', range: '>=3.5.0 <4.0.0', hasData: false }
407 silly mapToRegistry name lodash
408 silly mapToRegistry using default registry
409 silly mapToRegistry registry https://registry.npmjs.org/
410 silly mapToRegistry uri https://registry.npmjs.org/lodash
411 verbose addNameRange registry:https://registry.npmjs.org/lodash not in flight; fetching
412 verbose get https://registry.npmjs.org/lodash not expired, no request
413 silly addNameRange number 2 { name: 'lodash', range: '>=3.5.0 <4.0.0', hasData: true }
414 silly addNameRange versions [ 'lodash',
414 silly addNameRange   [ '0.1.0',
414 silly addNameRange     '0.2.0',
414 silly addNameRange     '0.2.1',
414 silly addNameRange     '0.2.2',
414 silly addNameRange     '0.3.0',
414 silly addNameRange     '0.3.1',
414 silly addNameRange     '0.3.2',
414 silly addNameRange     '0.4.0',
414 silly addNameRange     '0.4.1',
414 silly addNameRange     '0.4.2',
414 silly addNameRange     '0.5.0-rc.1',
414 silly addNameRange     '0.5.0',
414 silly addNameRange     '0.5.1',
414 silly addNameRange     '0.5.2',
414 silly addNameRange     '0.6.0',
414 silly addNameRange     '0.6.1',
414 silly addNameRange     '0.7.0',
414 silly addNameRange     '0.8.0',
414 silly addNameRange     '0.8.1',
414 silly addNameRange     '0.8.2',
414 silly addNameRange     '0.9.0',
414 silly addNameRange     '0.9.1',
414 silly addNameRange     '0.9.2',
414 silly addNameRange     '0.10.0',
414 silly addNameRange     '1.0.0-rc.1',
414 silly addNameRange     '1.0.0-rc.2',
414 silly addNameRange     '1.0.0-rc.3',
414 silly addNameRange     '1.0.0',
414 silly addNameRange     '1.0.1',
414 silly addNameRange     '1.1.0',
414 silly addNameRange     '1.1.1',
414 silly addNameRange     '1.2.0',
414 silly addNameRange     '1.2.1',
414 silly addNameRange     '1.3.0',
414 silly addNameRange     '1.3.1',
414 silly addNameRange     '2.0.0',
414 silly addNameRange     '2.1.0',
414 silly addNameRange     '2.2.0',
414 silly addNameRange     '2.2.1',
414 silly addNameRange     '2.3.0',
414 silly addNameRange     '2.4.0',
414 silly addNameRange     '2.4.1',
414 silly addNameRange     '3.0.0',
414 silly addNameRange     '3.0.1',
414 silly addNameRange     '3.1.0',
414 silly addNameRange     '3.2.0',
414 silly addNameRange     '3.3.0',
414 silly addNameRange     '3.3.1',
414 silly addNameRange     '3.4.0',
414 silly addNameRange     '3.5.0',
414 silly addNameRange     '3.6.0',
414 silly addNameRange     '1.0.2',
414 silly addNameRange     '3.7.0',
414 silly addNameRange     '2.4.2',
414 silly addNameRange     '3.8.0',
414 silly addNameRange     '3.9.0',
414 silly addNameRange     '3.9.1',
414 silly addNameRange     '3.9.2',
414 silly addNameRange     '3.9.3',
414 silly addNameRange     '3.10.0',
414 silly addNameRange     '3.10.1',
414 silly addNameRange     '4.0.0',
414 silly addNameRange     '4.0.1',
414 silly addNameRange     '4.1.0',
414 silly addNameRange     '4.2.0',
414 silly addNameRange     '4.2.1',
414 silly addNameRange     '4.3.0',
414 silly addNameRange     '4.4.0',
414 silly addNameRange     '4.5.0',
414 silly addNameRange     '4.5.1',
414 silly addNameRange     '4.6.0',
414 silly addNameRange     '4.6.1',
414 silly addNameRange     '4.7.0',
414 silly addNameRange     '4.8.0',
414 silly addNameRange     '4.8.1',
414 silly addNameRange     '4.8.2',
414 silly addNameRange     '4.9.0',
414 silly addNameRange     '4.10.0',
414 silly addNameRange     '4.11.0',
414 silly addNameRange     '4.11.1',
414 silly addNameRange     '4.11.2' ] ]
415 silly addNamed lodash@3.10.1
416 verbose addNamed "3.10.1" is a plain semver version for lodash
417 silly cache afterAdd lodash@3.10.1
418 verbose afterAdd /Users/Jhon/.npm/lodash/3.10.1/package/package.json not in flight; writing
419 verbose afterAdd /Users/Jhon/.npm/lodash/3.10.1/package/package.json written
420 silly fetchNamedPackageData shelljs
421 silly mapToRegistry name shelljs
422 silly mapToRegistry using default registry
423 silly mapToRegistry registry https://registry.npmjs.org/
424 silly mapToRegistry uri https://registry.npmjs.org/shelljs
425 silly fetchNamedPackageData tail
426 silly mapToRegistry name tail
427 silly mapToRegistry using default registry
428 silly mapToRegistry registry https://registry.npmjs.org/
429 silly mapToRegistry uri https://registry.npmjs.org/tail
430 verbose request uri https://registry.npmjs.org/tail
431 verbose request no auth needed
432 info attempt registry request try #1 at 1:49:48 PM
433 http request GET https://registry.npmjs.org/tail
434 verbose request uri https://registry.npmjs.org/shelljs
435 verbose request no auth needed
436 info attempt registry request try #1 at 1:49:48 PM
437 verbose etag "56WI9LQL4I7SC3YK8ZBNCKFOW"
438 http request GET https://registry.npmjs.org/shelljs
439 http 200 https://registry.npmjs.org/tail
440 verbose headers { server: 'CouchDB/1.5.0 (Erlang OTP/R16B03)',
440 verbose headers   etag: '"BSBBSKKLRX91YSC2DB2Q61FU8"',
440 verbose headers   'content-type': 'application/json',
440 verbose headers   'cache-control': 'max-age=300',
440 verbose headers   'content-length': '21425',
440 verbose headers   'accept-ranges': 'bytes',
440 verbose headers   date: 'Tue, 03 May 2016 18:49:49 GMT',
440 verbose headers   via: '1.1 varnish',
440 verbose headers   age: '0',
440 verbose headers   connection: 'keep-alive',
440 verbose headers   'x-served-by': 'cache-atl6229-ATL',
440 verbose headers   'x-cache': 'HIT',
440 verbose headers   'x-cache-hits': '1',
440 verbose headers   'x-timer': 'S1462301389.299492,VS0,VE83',
440 verbose headers   vary: 'Accept-Encoding' }
441 silly get cb [ 200,
441 silly get   { server: 'CouchDB/1.5.0 (Erlang OTP/R16B03)',
441 silly get     etag: '"BSBBSKKLRX91YSC2DB2Q61FU8"',
441 silly get     'content-type': 'application/json',
441 silly get     'cache-control': 'max-age=300',
441 silly get     'content-length': '21425',
441 silly get     'accept-ranges': 'bytes',
441 silly get     date: 'Tue, 03 May 2016 18:49:49 GMT',
441 silly get     via: '1.1 varnish',
441 silly get     age: '0',
441 silly get     connection: 'keep-alive',
441 silly get     'x-served-by': 'cache-atl6229-ATL',
441 silly get     'x-cache': 'HIT',
441 silly get     'x-cache-hits': '1',
441 silly get     'x-timer': 'S1462301389.299492,VS0,VE83',
441 silly get     vary: 'Accept-Encoding' } ]
442 verbose get saving tail to /Users/Jhon/.npm/registry.npmjs.org/tail/.cache.json
443 silly resolveWithNewModule tail@0.4.0 checking installable status
444 silly cache add args [ 'tail@^0.4.0', null ]
445 verbose cache add spec tail@^0.4.0
446 silly cache add parsed spec Result {
446 silly cache add   raw: 'tail@^0.4.0',
446 silly cache add   scope: null,
446 silly cache add   name: 'tail',
446 silly cache add   rawSpec: '^0.4.0',
446 silly cache add   spec: '>=0.4.0 <0.5.0',
446 silly cache add   type: 'range' }
447 silly addNamed tail@>=0.4.0 <0.5.0
448 verbose addNamed ">=0.4.0 <0.5.0" is a valid semver range for tail
449 silly addNameRange { name: 'tail', range: '>=0.4.0 <0.5.0', hasData: false }
450 silly mapToRegistry name tail
451 silly mapToRegistry using default registry
452 silly mapToRegistry registry https://registry.npmjs.org/
453 silly mapToRegistry uri https://registry.npmjs.org/tail
454 verbose addNameRange registry:https://registry.npmjs.org/tail not in flight; fetching
455 verbose get https://registry.npmjs.org/tail not expired, no request
456 silly addNameRange number 2 { name: 'tail', range: '>=0.4.0 <0.5.0', hasData: true }
457 silly addNameRange versions [ 'tail',
457 silly addNameRange   [ '0.0.3',
457 silly addNameRange     '0.0.4',
457 silly addNameRange     '0.1.0',
457 silly addNameRange     '0.1.1',
457 silly addNameRange     '0.1.2',
457 silly addNameRange     '0.2.0',
457 silly addNameRange     '0.2.1',
457 silly addNameRange     '0.2.2',
457 silly addNameRange     '0.2.3',
457 silly addNameRange     '0.2.4',
457 silly addNameRange     '0.3.0',
457 silly addNameRange     '0.3.1',
457 silly addNameRange     '0.3.2',
457 silly addNameRange     '0.3.5',
457 silly addNameRange     '0.3.6',
457 silly addNameRange     '0.3.7',
457 silly addNameRange     '0.3.8',
457 silly addNameRange     '0.3.9',
457 silly addNameRange     '0.4.0',
457 silly addNameRange     '1.0.0',
457 silly addNameRange     '1.0.1',
457 silly addNameRange     '1.1.0' ] ]
458 silly addNamed tail@0.4.0
459 verbose addNamed "0.4.0" is a plain semver version for tail
460 silly mapToRegistry name tail
461 silly mapToRegistry using default registry
462 silly mapToRegistry registry https://registry.npmjs.org/
463 silly mapToRegistry uri https://registry.npmjs.org/tail
464 verbose addRemoteTarball https://registry.npmjs.org/tail/-/tail-0.4.0.tgz not in flight; adding
465 verbose addRemoteTarball [ 'https://registry.npmjs.org/tail/-/tail-0.4.0.tgz',
465 verbose addRemoteTarball   'd29de72750cc99db1e053aff13c359ecfb713002' ]
466 info retry fetch attempt 1 at 1:49:50 PM
467 info attempt registry request try #1 at 1:49:50 PM
468 http fetch GET https://registry.npmjs.org/tail/-/tail-0.4.0.tgz
469 http 200 https://registry.npmjs.org/shelljs
470 verbose headers { server: 'CouchDB/1.5.0 (Erlang OTP/R16B03)',
470 verbose headers   etag: '"7B2UVLMWDIO9VXF5A4JQNOMK1"',
470 verbose headers   'content-type': 'application/json',
470 verbose headers   'cache-control': 'max-age=300',
470 verbose headers   'content-length': '62810',
470 verbose headers   'accept-ranges': 'bytes',
470 verbose headers   date: 'Tue, 03 May 2016 18:49:49 GMT',
470 verbose headers   via: '1.1 varnish',
470 verbose headers   age: '62',
470 verbose headers   connection: 'keep-alive',
470 verbose headers   'x-served-by': 'cache-atl6231-ATL',
470 verbose headers   'x-cache': 'HIT',
470 verbose headers   'x-cache-hits': '8',
470 verbose headers   'x-timer': 'S1462301389.323650,VS0,VE0',
470 verbose headers   vary: 'Accept-Encoding' }
471 silly get cb [ 200,
471 silly get   { server: 'CouchDB/1.5.0 (Erlang OTP/R16B03)',
471 silly get     etag: '"7B2UVLMWDIO9VXF5A4JQNOMK1"',
471 silly get     'content-type': 'application/json',
471 silly get     'cache-control': 'max-age=300',
471 silly get     'content-length': '62810',
471 silly get     'accept-ranges': 'bytes',
471 silly get     date: 'Tue, 03 May 2016 18:49:49 GMT',
471 silly get     via: '1.1 varnish',
471 silly get     age: '62',
471 silly get     connection: 'keep-alive',
471 silly get     'x-served-by': 'cache-atl6231-ATL',
471 silly get     'x-cache': 'HIT',
471 silly get     'x-cache-hits': '8',
471 silly get     'x-timer': 'S1462301389.323650,VS0,VE0',
471 silly get     vary: 'Accept-Encoding' } ]
472 verbose get saving shelljs to /Users/Jhon/.npm/registry.npmjs.org/shelljs/.cache.json
473 silly resolveWithNewModule shelljs@0.2.6 checking installable status
474 silly cache add args [ 'shelljs@^0.2.6', null ]
475 verbose cache add spec shelljs@^0.2.6
476 silly cache add parsed spec Result {
476 silly cache add   raw: 'shelljs@^0.2.6',
476 silly cache add   scope: null,
476 silly cache add   name: 'shelljs',
476 silly cache add   rawSpec: '^0.2.6',
476 silly cache add   spec: '>=0.2.6 <0.3.0',
476 silly cache add   type: 'range' }
477 silly addNamed shelljs@>=0.2.6 <0.3.0
478 verbose addNamed ">=0.2.6 <0.3.0" is a valid semver range for shelljs
479 silly addNameRange { name: 'shelljs', range: '>=0.2.6 <0.3.0', hasData: false }
480 silly mapToRegistry name shelljs
481 silly mapToRegistry using default registry
482 silly mapToRegistry registry https://registry.npmjs.org/
483 silly mapToRegistry uri https://registry.npmjs.org/shelljs
484 verbose addNameRange registry:https://registry.npmjs.org/shelljs not in flight; fetching
485 verbose get https://registry.npmjs.org/shelljs not expired, no request
486 silly addNameRange number 2 { name: 'shelljs', range: '>=0.2.6 <0.3.0', hasData: true }
487 silly addNameRange versions [ 'shelljs',
487 silly addNameRange   [ '0.0.1',
487 silly addNameRange     '0.0.2',
487 silly addNameRange     '0.0.3',
487 silly addNameRange     '0.0.4',
487 silly addNameRange     '0.0.5',
487 silly addNameRange     '0.0.6',
487 silly addNameRange     '0.0.7',
487 silly addNameRange     '0.0.8',
487 silly addNameRange     '0.0.9',
487 silly addNameRange     '0.1.0',
487 silly addNameRange     '0.1.1',
487 silly addNameRange     '0.1.2',
487 silly addNameRange     '0.1.3',
487 silly addNameRange     '0.1.4',
487 silly addNameRange     '0.2.0',
487 silly addNameRange     '0.2.1',
487 silly addNameRange     '0.2.2',
487 silly addNameRange     '0.2.3',
487 silly addNameRange     '0.2.4',
487 silly addNameRange     '0.2.5',
487 silly addNameRange     '0.2.6',
487 silly addNameRange     '0.3.0',
487 silly addNameRange     '0.4.0',
487 silly addNameRange     '0.5.0',
487 silly addNameRange     '0.5.1',
487 silly addNameRange     '0.5.2',
487 silly addNameRange     '0.5.3',
487 silly addNameRange     '0.6.0',
487 silly addNameRange     '0.7.0',
487 silly addNameRange     '0.0.1-alpha1',
487 silly addNameRange     '0.0.2-pre1',
487 silly addNameRange     '0.0.4-pre1',
487 silly addNameRange     '0.0.5-pre1',
487 silly addNameRange     '0.0.5-pre2',
487 silly addNameRange     '0.0.5-pre3',
487 silly addNameRange     '0.0.5-pre4',
487 silly addNameRange     '0.0.6-pre1',
487 silly addNameRange     '0.0.6-pre2' ] ]
488 silly addNamed shelljs@0.2.6
489 verbose addNamed "0.2.6" is a plain semver version for shelljs
490 silly cache afterAdd shelljs@0.2.6
491 verbose afterAdd /Users/Jhon/.npm/shelljs/0.2.6/package/package.json not in flight; writing
492 verbose afterAdd /Users/Jhon/.npm/shelljs/0.2.6/package/package.json written
493 http fetch 200 https://registry.npmjs.org/tail/-/tail-0.4.0.tgz
494 silly fetchAndShaCheck shasum d29de72750cc99db1e053aff13c359ecfb713002
495 verbose addTmpTarball /var/folders/qc/tk5q9zk17v76lgnhlst4tcy40000gn/T/npm-48034-2d148268/registry.npmjs.org/tail/-/tail-0.4.0.tgz not in flight; adding
496 verbose addTmpTarball already have metadata; skipping unpack for tail@0.4.0
497 silly cache afterAdd tail@0.4.0
498 verbose afterAdd /Users/Jhon/.npm/tail/0.4.0/package/package.json not in flight; writing
499 verbose afterAdd /Users/Jhon/.npm/tail/0.4.0/package/package.json written
500 silly loadAllDepsIntoIdealTree Finishing
501 silly idealTree:prePrune lib
501 silly idealTree:prePrune  ios-sim@5.0.8
501 silly idealTree:prePrune    abbrev@1.0.7
501 silly idealTree:prePrune    base64-js@0.0.8
501 silly idealTree:prePrune    bplist-parser@0.0.6
501 silly idealTree:prePrune    lodash@3.10.1
501 silly idealTree:prePrune    nopt@1.0.9
501 silly idealTree:prePrune    plist@1.2.0
501 silly idealTree:prePrune    shelljs@0.2.6
501 silly idealTree:prePrune    simctl@0.0.9
501 silly idealTree:prePrune    tail@0.4.0
501 silly idealTree:prePrune    util-deprecate@1.0.2
501 silly idealTree:prePrune    xmlbuilder@4.0.0
501 silly idealTree:prePrune    xmldom@0.1.22
502 silly loadIdealTree Finishing
503 silly currentTree lib
504 silly idealTree lib
504 silly idealTree  ios-sim@5.0.8
504 silly idealTree    abbrev@1.0.7
504 silly idealTree    base64-js@0.0.8
504 silly idealTree    bplist-parser@0.0.6
504 silly idealTree    lodash@3.10.1
504 silly idealTree    nopt@1.0.9
504 silly idealTree    plist@1.2.0
504 silly idealTree    shelljs@0.2.6
504 silly idealTree    simctl@0.0.9
504 silly idealTree    tail@0.4.0
504 silly idealTree    util-deprecate@1.0.2
504 silly idealTree    xmlbuilder@4.0.0
504 silly idealTree    xmldom@0.1.22
505 silly generateActionsToTake Starting
506 silly install generateActionsToTake
507 warn checkPermissions Missing write access to /usr/local/lib/node_modules
508 silly rollbackFailedOptional Starting
509 silly rollbackFailedOptional Finishing
510 silly runTopLevelLifecycles Starting
511 silly runTopLevelLifecycles Finishing
512 silly install printInstalled
513 verbose stack Error: EACCES: permission denied, access '/usr/local/lib/node_modules'
513 verbose stack     at Error (native)
514 verbose cwd /Users/Jhon/GitHub/JamesBest
515 error Darwin 15.3.0
516 error argv "/usr/local/bin/node" "/usr/local/bin/npm" "install" "-g" "ios-sim"
517 error node v5.1.0
518 error npm  v3.5.2
519 error path /usr/local/lib/node_modules
520 error code EACCES
521 error errno -13
522 error syscall access
523 error Error: EACCES: permission denied, access '/usr/local/lib/node_modules'
523 error     at Error (native)
523 error  { [Error: EACCES: permission denied, access '/usr/local/lib/node_modules']
523 error   errno: -13,
523 error   code: 'EACCES',
523 error   syscall: 'access',
523 error   path: '/usr/local/lib/node_modules' }
524 error Please try running this command again as root/Administrator.
525 verbose exit [ -13, true ]
