0 info it worked if it ends with ok
1 verbose cli [ '/usr/local/bin/node',
1 verbose cli   '/usr/local/bin/npm',
1 verbose cli   'install',
1 verbose cli   '-g',
1 verbose cli   'ios-sim' ]
2 info using npm@3.5.2
3 info using node@v5.1.0
4 silly loadCurrentTree Starting
5 silly install loadCurrentTree
6 silly install readGlobalPackageData
7 silly fetchPackageMetaData ios-sim
8 silly fetchNamedPackageData ios-sim
9 silly mapToRegistry name ios-sim
10 silly mapToRegistry using default registry
11 silly mapToRegistry registry https://registry.npmjs.org/
12 silly mapToRegistry uri https://registry.npmjs.org/ios-sim
13 verbose request uri https://registry.npmjs.org/ios-sim
14 verbose request no auth needed
15 info attempt registry request try #1 at 2:32:47 PM
16 verbose request id 4293edd17dac696b
17 verbose etag "40T4Q8K92RYWIMZ5K5NVSZV3A"
18 http request GET https://registry.npmjs.org/ios-sim
19 http 304 https://registry.npmjs.org/ios-sim
20 verbose headers { date: 'Mon, 16 May 2016 19:32:48 GMT',
20 verbose headers   via: '1.1 varnish',
20 verbose headers   'cache-control': 'max-age=300',
20 verbose headers   etag: '"40T4Q8K92RYWIMZ5K5NVSZV3A"',
20 verbose headers   age: '0',
20 verbose headers   connection: 'keep-alive',
20 verbose headers   'x-served-by': 'cache-iad2133-IAD',
20 verbose headers   'x-cache': 'HIT',
20 verbose headers   'x-cache-hits': '1',
20 verbose headers   'x-timer': 'S1463427168.726936,VS0,VE108',
20 verbose headers   vary: 'Accept-Encoding' }
21 silly get cb [ 304,
21 silly get   { date: 'Mon, 16 May 2016 19:32:48 GMT',
21 silly get     via: '1.1 varnish',
21 silly get     'cache-control': 'max-age=300',
21 silly get     etag: '"40T4Q8K92RYWIMZ5K5NVSZV3A"',
21 silly get     age: '0',
21 silly get     connection: 'keep-alive',
21 silly get     'x-served-by': 'cache-iad2133-IAD',
21 silly get     'x-cache': 'HIT',
21 silly get     'x-cache-hits': '1',
21 silly get     'x-timer': 'S1463427168.726936,VS0,VE108',
21 silly get     vary: 'Accept-Encoding' } ]
22 verbose etag https://registry.npmjs.org/ios-sim from cache
23 verbose get saving ios-sim to /Users/Jhon/.npm/registry.npmjs.org/ios-sim/.cache.json
24 silly install normalizeTree
25 silly loadCurrentTree Finishing
26 silly loadIdealTree Starting
27 silly install loadIdealTree
28 silly cloneCurrentTree Starting
29 silly install cloneCurrentTreeToIdealTree
30 silly cloneCurrentTree Finishing
31 silly loadShrinkwrap Starting
32 silly install loadShrinkwrap
33 silly loadShrinkwrap Finishing
34 silly loadAllDepsIntoIdealTree Starting
35 silly install loadAllDepsIntoIdealTree
36 silly resolveWithNewModule ios-sim@5.0.8 checking installable status
37 silly cache add args [ 'ios-sim', null ]
38 verbose cache add spec ios-sim
39 silly cache add parsed spec Result {
39 silly cache add   raw: 'ios-sim',
39 silly cache add   scope: null,
39 silly cache add   name: 'ios-sim',
39 silly cache add   rawSpec: '',
39 silly cache add   spec: 'latest',
39 silly cache add   type: 'tag' }
40 silly addNamed ios-sim@latest
41 verbose addNamed "latest" is being treated as a dist-tag for ios-sim
42 info addNameTag [ 'ios-sim', 'latest' ]
43 silly mapToRegistry name ios-sim
44 silly mapToRegistry using default registry
45 silly mapToRegistry registry https://registry.npmjs.org/
46 silly mapToRegistry uri https://registry.npmjs.org/ios-sim
47 verbose addNameTag registry:https://registry.npmjs.org/ios-sim not in flight; fetching
48 verbose get https://registry.npmjs.org/ios-sim not expired, no request
49 silly addNameTag next cb for ios-sim with tag latest
50 silly addNamed ios-sim@5.0.8
51 verbose addNamed "5.0.8" is a plain semver version for ios-sim
52 silly cache afterAdd ios-sim@5.0.8
53 verbose afterAdd /Users/Jhon/.npm/ios-sim/5.0.8/package/package.json not in flight; writing
54 verbose afterAdd /Users/Jhon/.npm/ios-sim/5.0.8/package/package.json written
55 silly fetchNamedPackageData plist
56 silly mapToRegistry name plist
57 silly mapToRegistry using default registry
58 silly mapToRegistry registry https://registry.npmjs.org/
59 silly mapToRegistry uri https://registry.npmjs.org/plist
60 silly fetchNamedPackageData simctl
61 silly mapToRegistry name simctl
62 silly mapToRegistry using default registry
63 silly mapToRegistry registry https://registry.npmjs.org/
64 silly mapToRegistry uri https://registry.npmjs.org/simctl
65 silly fetchNamedPackageData nopt
66 silly mapToRegistry name nopt
67 silly mapToRegistry using default registry
68 silly mapToRegistry registry https://registry.npmjs.org/
69 silly mapToRegistry uri https://registry.npmjs.org/nopt
70 silly fetchNamedPackageData bplist-parser
71 silly mapToRegistry name bplist-parser
72 silly mapToRegistry using default registry
73 silly mapToRegistry registry https://registry.npmjs.org/
74 silly mapToRegistry uri https://registry.npmjs.org/bplist-parser
75 verbose request uri https://registry.npmjs.org/simctl
76 verbose request no auth needed
77 info attempt registry request try #1 at 2:32:49 PM
78 verbose etag "DMXP05YIUD43R0Q4Z5AT1HZEN"
79 http request GET https://registry.npmjs.org/simctl
80 verbose request uri https://registry.npmjs.org/plist
81 verbose request no auth needed
82 info attempt registry request try #1 at 2:32:49 PM
83 verbose etag "2KJ1CKUE1UVRW3BVV1TEIE6KX"
84 http request GET https://registry.npmjs.org/plist
85 verbose request uri https://registry.npmjs.org/nopt
86 verbose request no auth needed
87 info attempt registry request try #1 at 2:32:49 PM
88 verbose etag "53NWQ6XY2NLAFB30G2E3W8W60"
89 http request GET https://registry.npmjs.org/nopt
90 verbose request uri https://registry.npmjs.org/bplist-parser
91 verbose request no auth needed
92 info attempt registry request try #1 at 2:32:49 PM
93 verbose etag "AGWSPFCRLNGDFFNZ3XI793Q8Q"
94 http request GET https://registry.npmjs.org/bplist-parser
95 http 304 https://registry.npmjs.org/bplist-parser
96 verbose headers { date: 'Mon, 16 May 2016 19:32:49 GMT',
96 verbose headers   via: '1.1 varnish',
96 verbose headers   'cache-control': 'max-age=300',
96 verbose headers   etag: '"AGWSPFCRLNGDFFNZ3XI793Q8Q"',
96 verbose headers   age: '175',
96 verbose headers   connection: 'keep-alive',
96 verbose headers   'x-served-by': 'cache-iad2134-IAD',
96 verbose headers   'x-cache': 'HIT',
96 verbose headers   'x-cache-hits': '2',
96 verbose headers   'x-timer': 'S1463427169.895710,VS0,VE0',
96 verbose headers   vary: 'Accept-Encoding' }
97 silly get cb [ 304,
97 silly get   { date: 'Mon, 16 May 2016 19:32:49 GMT',
97 silly get     via: '1.1 varnish',
97 silly get     'cache-control': 'max-age=300',
97 silly get     etag: '"AGWSPFCRLNGDFFNZ3XI793Q8Q"',
97 silly get     age: '175',
97 silly get     connection: 'keep-alive',
97 silly get     'x-served-by': 'cache-iad2134-IAD',
97 silly get     'x-cache': 'HIT',
97 silly get     'x-cache-hits': '2',
97 silly get     'x-timer': 'S1463427169.895710,VS0,VE0',
97 silly get     vary: 'Accept-Encoding' } ]
98 verbose etag https://registry.npmjs.org/bplist-parser from cache
99 verbose get saving bplist-parser to /Users/Jhon/.npm/registry.npmjs.org/bplist-parser/.cache.json
100 http 304 https://registry.npmjs.org/nopt
101 verbose headers { date: 'Mon, 16 May 2016 19:32:49 GMT',
101 verbose headers   via: '1.1 varnish',
101 verbose headers   'cache-control': 'max-age=300',
101 verbose headers   etag: '"53NWQ6XY2NLAFB30G2E3W8W60"',
101 verbose headers   age: '147',
101 verbose headers   connection: 'keep-alive',
101 verbose headers   'x-served-by': 'cache-iad2148-IAD',
101 verbose headers   'x-cache': 'HIT',
101 verbose headers   'x-cache-hits': '18',
101 verbose headers   'x-timer': 'S1463427169.900868,VS0,VE0',
101 verbose headers   vary: 'Accept-Encoding' }
102 silly get cb [ 304,
102 silly get   { date: 'Mon, 16 May 2016 19:32:49 GMT',
102 silly get     via: '1.1 varnish',
102 silly get     'cache-control': 'max-age=300',
102 silly get     etag: '"53NWQ6XY2NLAFB30G2E3W8W60"',
102 silly get     age: '147',
102 silly get     connection: 'keep-alive',
102 silly get     'x-served-by': 'cache-iad2148-IAD',
102 silly get     'x-cache': 'HIT',
102 silly get     'x-cache-hits': '18',
102 silly get     'x-timer': 'S1463427169.900868,VS0,VE0',
102 silly get     vary: 'Accept-Encoding' } ]
103 verbose etag https://registry.npmjs.org/nopt from cache
104 verbose get saving nopt to /Users/Jhon/.npm/registry.npmjs.org/nopt/.cache.json
105 silly resolveWithNewModule nopt@1.0.9 checking installable status
106 silly cache add args [ 'nopt@1.0.9', null ]
107 verbose cache add spec nopt@1.0.9
108 silly cache add parsed spec Result {
108 silly cache add   raw: 'nopt@1.0.9',
108 silly cache add   scope: null,
108 silly cache add   name: 'nopt',
108 silly cache add   rawSpec: '1.0.9',
108 silly cache add   spec: '1.0.9',
108 silly cache add   type: 'version' }
109 silly addNamed nopt@1.0.9
110 verbose addNamed "1.0.9" is a plain semver version for nopt
111 silly mapToRegistry name nopt
112 silly mapToRegistry using default registry
113 silly mapToRegistry registry https://registry.npmjs.org/
114 silly mapToRegistry uri https://registry.npmjs.org/nopt
115 verbose addNameVersion registry:https://registry.npmjs.org/nopt not in flight; fetching
116 silly resolveWithNewModule bplist-parser@0.0.6 checking installable status
117 silly cache add args [ 'bplist-parser@^0.0.6', null ]
118 verbose cache add spec bplist-parser@^0.0.6
119 silly cache add parsed spec Result {
119 silly cache add   raw: 'bplist-parser@^0.0.6',
119 silly cache add   scope: null,
119 silly cache add   name: 'bplist-parser',
119 silly cache add   rawSpec: '^0.0.6',
119 silly cache add   spec: '>=0.0.6 <0.0.7',
119 silly cache add   type: 'range' }
120 silly addNamed bplist-parser@>=0.0.6 <0.0.7
121 verbose addNamed ">=0.0.6 <0.0.7" is a valid semver range for bplist-parser
122 silly addNameRange { name: 'bplist-parser',
122 silly addNameRange   range: '>=0.0.6 <0.0.7',
122 silly addNameRange   hasData: false }
123 silly mapToRegistry name bplist-parser
124 silly mapToRegistry using default registry
125 silly mapToRegistry registry https://registry.npmjs.org/
126 silly mapToRegistry uri https://registry.npmjs.org/bplist-parser
127 verbose addNameRange registry:https://registry.npmjs.org/bplist-parser not in flight; fetching
128 verbose get https://registry.npmjs.org/bplist-parser not expired, no request
129 silly addNameRange number 2 { name: 'bplist-parser', range: '>=0.0.6 <0.0.7', hasData: true }
130 silly addNameRange versions [ 'bplist-parser',
130 silly addNameRange   [ '0.0.1',
130 silly addNameRange     '0.0.2',
130 silly addNameRange     '0.0.3',
130 silly addNameRange     '0.0.4',
130 silly addNameRange     '0.0.5',
130 silly addNameRange     '0.0.6',
130 silly addNameRange     '0.1.0',
130 silly addNameRange     '0.1.1' ] ]
131 silly addNamed bplist-parser@0.0.6
132 verbose addNamed "0.0.6" is a plain semver version for bplist-parser
133 verbose get https://registry.npmjs.org/nopt not expired, no request
134 silly cache afterAdd bplist-parser@0.0.6
135 verbose afterAdd /Users/Jhon/.npm/bplist-parser/0.0.6/package/package.json not in flight; writing
136 verbose afterAdd /Users/Jhon/.npm/bplist-parser/0.0.6/package/package.json written
137 silly cache afterAdd nopt@1.0.9
138 verbose afterAdd /Users/Jhon/.npm/nopt/1.0.9/package/package.json not in flight; writing
139 verbose afterAdd /Users/Jhon/.npm/nopt/1.0.9/package/package.json written
140 http 304 https://registry.npmjs.org/plist
141 verbose headers { date: 'Mon, 16 May 2016 19:32:49 GMT',
141 verbose headers   via: '1.1 varnish',
141 verbose headers   'cache-control': 'max-age=300',
141 verbose headers   etag: '"2KJ1CKUE1UVRW3BVV1TEIE6KX"',
141 verbose headers   age: '245',
141 verbose headers   connection: 'keep-alive',
141 verbose headers   'x-served-by': 'cache-iad2136-IAD',
141 verbose headers   'x-cache': 'HIT',
141 verbose headers   'x-cache-hits': '3',
141 verbose headers   'x-timer': 'S1463427169.899652,VS0,VE0',
141 verbose headers   vary: 'Accept-Encoding' }
142 silly get cb [ 304,
142 silly get   { date: 'Mon, 16 May 2016 19:32:49 GMT',
142 silly get     via: '1.1 varnish',
142 silly get     'cache-control': 'max-age=300',
142 silly get     etag: '"2KJ1CKUE1UVRW3BVV1TEIE6KX"',
142 silly get     age: '245',
142 silly get     connection: 'keep-alive',
142 silly get     'x-served-by': 'cache-iad2136-IAD',
142 silly get     'x-cache': 'HIT',
142 silly get     'x-cache-hits': '3',
142 silly get     'x-timer': 'S1463427169.899652,VS0,VE0',
142 silly get     vary: 'Accept-Encoding' } ]
143 verbose etag https://registry.npmjs.org/plist from cache
144 verbose get saving plist to /Users/Jhon/.npm/registry.npmjs.org/plist/.cache.json
145 silly resolveWithNewModule plist@1.2.0 checking installable status
146 silly cache add args [ 'plist@^1.2.0', null ]
147 verbose cache add spec plist@^1.2.0
148 silly cache add parsed spec Result {
148 silly cache add   raw: 'plist@^1.2.0',
148 silly cache add   scope: null,
148 silly cache add   name: 'plist',
148 silly cache add   rawSpec: '^1.2.0',
148 silly cache add   spec: '>=1.2.0 <2.0.0',
148 silly cache add   type: 'range' }
149 silly addNamed plist@>=1.2.0 <2.0.0
150 verbose addNamed ">=1.2.0 <2.0.0" is a valid semver range for plist
151 silly addNameRange { name: 'plist', range: '>=1.2.0 <2.0.0', hasData: false }
152 silly mapToRegistry name plist
153 silly mapToRegistry using default registry
154 silly mapToRegistry registry https://registry.npmjs.org/
155 silly mapToRegistry uri https://registry.npmjs.org/plist
156 verbose addNameRange registry:https://registry.npmjs.org/plist not in flight; fetching
157 http 304 https://registry.npmjs.org/simctl
158 verbose headers { date: 'Mon, 16 May 2016 19:32:49 GMT',
158 verbose headers   via: '1.1 varnish',
158 verbose headers   'cache-control': 'max-age=300',
158 verbose headers   etag: '"DMXP05YIUD43R0Q4Z5AT1HZEN"',
158 verbose headers   age: '0',
158 verbose headers   connection: 'keep-alive',
158 verbose headers   'x-served-by': 'cache-iad2132-IAD',
158 verbose headers   'x-cache': 'HIT',
158 verbose headers   'x-cache-hits': '1',
158 verbose headers   'x-timer': 'S1463427169.896053,VS0,VE18',
158 verbose headers   vary: 'Accept-Encoding' }
159 silly get cb [ 304,
159 silly get   { date: 'Mon, 16 May 2016 19:32:49 GMT',
159 silly get     via: '1.1 varnish',
159 silly get     'cache-control': 'max-age=300',
159 silly get     etag: '"DMXP05YIUD43R0Q4Z5AT1HZEN"',
159 silly get     age: '0',
159 silly get     connection: 'keep-alive',
159 silly get     'x-served-by': 'cache-iad2132-IAD',
159 silly get     'x-cache': 'HIT',
159 silly get     'x-cache-hits': '1',
159 silly get     'x-timer': 'S1463427169.896053,VS0,VE18',
159 silly get     vary: 'Accept-Encoding' } ]
160 verbose etag https://registry.npmjs.org/simctl from cache
161 verbose get saving simctl to /Users/Jhon/.npm/registry.npmjs.org/simctl/.cache.json
162 verbose get https://registry.npmjs.org/plist not expired, no request
163 silly addNameRange number 2 { name: 'plist', range: '>=1.2.0 <2.0.0', hasData: true }
164 silly addNameRange versions [ 'plist',
164 silly addNameRange   [ '0.1.0',
164 silly addNameRange     '0.1.1',
164 silly addNameRange     '0.2.0',
164 silly addNameRange     '0.2.1',
164 silly addNameRange     '0.3.1',
164 silly addNameRange     '0.3.2',
164 silly addNameRange     '0.3.3',
164 silly addNameRange     '0.4.0',
164 silly addNameRange     '0.4.1',
164 silly addNameRange     '0.4.2',
164 silly addNameRange     '0.4.3',
164 silly addNameRange     '1.0.0',
164 silly addNameRange     '1.0.1',
164 silly addNameRange     '1.1.0',
164 silly addNameRange     '1.2.0' ] ]
165 silly addNamed plist@1.2.0
166 verbose addNamed "1.2.0" is a plain semver version for plist
167 silly cache afterAdd plist@1.2.0
168 verbose afterAdd /Users/Jhon/.npm/plist/1.2.0/package/package.json not in flight; writing
169 silly resolveWithNewModule simctl@0.0.9 checking installable status
170 silly cache add args [ 'simctl@^0.0.9', null ]
171 verbose cache add spec simctl@^0.0.9
172 silly cache add parsed spec Result {
172 silly cache add   raw: 'simctl@^0.0.9',
172 silly cache add   scope: null,
172 silly cache add   name: 'simctl',
172 silly cache add   rawSpec: '^0.0.9',
172 silly cache add   spec: '>=0.0.9 <0.0.10',
172 silly cache add   type: 'range' }
173 silly addNamed simctl@>=0.0.9 <0.0.10
174 verbose addNamed ">=0.0.9 <0.0.10" is a valid semver range for simctl
175 silly addNameRange { name: 'simctl', range: '>=0.0.9 <0.0.10', hasData: false }
176 silly mapToRegistry name simctl
177 silly mapToRegistry using default registry
178 silly mapToRegistry registry https://registry.npmjs.org/
179 silly mapToRegistry uri https://registry.npmjs.org/simctl
180 verbose addNameRange registry:https://registry.npmjs.org/simctl not in flight; fetching
181 verbose get https://registry.npmjs.org/simctl not expired, no request
182 silly addNameRange number 2 { name: 'simctl', range: '>=0.0.9 <0.0.10', hasData: true }
183 silly addNameRange versions [ 'simctl',
183 silly addNameRange   [ '0.0.1',
183 silly addNameRange     '0.0.2',
183 silly addNameRange     '0.0.3',
183 silly addNameRange     '0.0.5',
183 silly addNameRange     '0.0.6',
183 silly addNameRange     '0.0.7',
183 silly addNameRange     '0.0.8',
183 silly addNameRange     '0.0.9' ] ]
184 silly addNamed simctl@0.0.9
185 verbose addNamed "0.0.9" is a plain semver version for simctl
186 verbose afterAdd /Users/Jhon/.npm/plist/1.2.0/package/package.json written
187 silly cache afterAdd simctl@0.0.9
188 verbose afterAdd /Users/Jhon/.npm/simctl/0.0.9/package/package.json not in flight; writing
189 verbose afterAdd /Users/Jhon/.npm/simctl/0.0.9/package/package.json written
190 silly fetchNamedPackageData abbrev
191 silly mapToRegistry name abbrev
192 silly mapToRegistry using default registry
193 silly mapToRegistry registry https://registry.npmjs.org/
194 silly mapToRegistry uri https://registry.npmjs.org/abbrev
195 verbose request uri https://registry.npmjs.org/abbrev
196 verbose request no auth needed
197 info attempt registry request try #1 at 2:32:50 PM
198 verbose etag "5COR5F08LNF679JR9VE4E6VZW"
199 http request GET https://registry.npmjs.org/abbrev
200 http 304 https://registry.npmjs.org/abbrev
201 verbose headers { date: 'Mon, 16 May 2016 19:32:51 GMT',
201 verbose headers   via: '1.1 varnish',
201 verbose headers   'cache-control': 'max-age=300',
201 verbose headers   etag: '"5COR5F08LNF679JR9VE4E6VZW"',
201 verbose headers   age: '279',
201 verbose headers   connection: 'keep-alive',
201 verbose headers   'x-served-by': 'cache-iad2127-IAD',
201 verbose headers   'x-cache': 'HIT',
201 verbose headers   'x-cache-hits': '18',
201 verbose headers   'x-timer': 'S1463427171.382915,VS0,VE0',
201 verbose headers   vary: 'Accept-Encoding' }
202 silly get cb [ 304,
202 silly get   { date: 'Mon, 16 May 2016 19:32:51 GMT',
202 silly get     via: '1.1 varnish',
202 silly get     'cache-control': 'max-age=300',
202 silly get     etag: '"5COR5F08LNF679JR9VE4E6VZW"',
202 silly get     age: '279',
202 silly get     connection: 'keep-alive',
202 silly get     'x-served-by': 'cache-iad2127-IAD',
202 silly get     'x-cache': 'HIT',
202 silly get     'x-cache-hits': '18',
202 silly get     'x-timer': 'S1463427171.382915,VS0,VE0',
202 silly get     vary: 'Accept-Encoding' } ]
203 verbose etag https://registry.npmjs.org/abbrev from cache
204 verbose get saving abbrev to /Users/Jhon/.npm/registry.npmjs.org/abbrev/.cache.json
205 silly resolveWithNewModule abbrev@1.0.7 checking installable status
206 silly cache add args [ 'abbrev@1', null ]
207 verbose cache add spec abbrev@1
208 silly cache add parsed spec Result {
208 silly cache add   raw: 'abbrev@1',
208 silly cache add   scope: null,
208 silly cache add   name: 'abbrev',
208 silly cache add   rawSpec: '1',
208 silly cache add   spec: '>=1.0.0 <2.0.0',
208 silly cache add   type: 'range' }
209 silly addNamed abbrev@>=1.0.0 <2.0.0
210 verbose addNamed ">=1.0.0 <2.0.0" is a valid semver range for abbrev
211 silly addNameRange { name: 'abbrev', range: '>=1.0.0 <2.0.0', hasData: false }
212 silly mapToRegistry name abbrev
213 silly mapToRegistry using default registry
214 silly mapToRegistry registry https://registry.npmjs.org/
215 silly mapToRegistry uri https://registry.npmjs.org/abbrev
216 verbose addNameRange registry:https://registry.npmjs.org/abbrev not in flight; fetching
217 verbose get https://registry.npmjs.org/abbrev not expired, no request
218 silly addNameRange number 2 { name: 'abbrev', range: '>=1.0.0 <2.0.0', hasData: true }
219 silly addNameRange versions [ 'abbrev', [ '1.0.3', '1.0.4', '1.0.5', '1.0.6', '1.0.7' ] ]
220 silly addNamed abbrev@1.0.7
221 verbose addNamed "1.0.7" is a plain semver version for abbrev
222 silly cache afterAdd abbrev@1.0.7
223 verbose afterAdd /Users/Jhon/.npm/abbrev/1.0.7/package/package.json not in flight; writing
224 verbose afterAdd /Users/Jhon/.npm/abbrev/1.0.7/package/package.json written
225 silly fetchNamedPackageData base64-js
226 silly mapToRegistry name base64-js
227 silly mapToRegistry using default registry
228 silly mapToRegistry registry https://registry.npmjs.org/
229 silly mapToRegistry uri https://registry.npmjs.org/base64-js
230 silly fetchNamedPackageData xmlbuilder
231 silly mapToRegistry name xmlbuilder
232 silly mapToRegistry using default registry
233 silly mapToRegistry registry https://registry.npmjs.org/
234 silly mapToRegistry uri https://registry.npmjs.org/xmlbuilder
235 silly fetchNamedPackageData xmldom
236 silly mapToRegistry name xmldom
237 silly mapToRegistry using default registry
238 silly mapToRegistry registry https://registry.npmjs.org/
239 silly mapToRegistry uri https://registry.npmjs.org/xmldom
240 silly fetchNamedPackageData util-deprecate
241 silly mapToRegistry name util-deprecate
242 silly mapToRegistry using default registry
243 silly mapToRegistry registry https://registry.npmjs.org/
244 silly mapToRegistry uri https://registry.npmjs.org/util-deprecate
245 verbose request uri https://registry.npmjs.org/base64-js
246 verbose request no auth needed
247 info attempt registry request try #1 at 2:32:51 PM
248 verbose etag "DE7IP3N2ZOSYM9WJFO7XTR2PZ"
249 http request GET https://registry.npmjs.org/base64-js
250 verbose request uri https://registry.npmjs.org/xmlbuilder
251 verbose request no auth needed
252 info attempt registry request try #1 at 2:32:51 PM
253 verbose etag "NGD2UFIMEZ7Z0U5EL2PWCR6K"
254 http request GET https://registry.npmjs.org/xmlbuilder
255 verbose request uri https://registry.npmjs.org/xmldom
256 verbose request no auth needed
257 info attempt registry request try #1 at 2:32:51 PM
258 verbose etag "1S9SRL5LPRHIOVPX5XW3ALB9W"
259 http request GET https://registry.npmjs.org/xmldom
260 verbose request uri https://registry.npmjs.org/util-deprecate
261 verbose request no auth needed
262 info attempt registry request try #1 at 2:32:51 PM
263 verbose etag "363T1WE4HHZV0LMEHAOBAVT0G"
264 http request GET https://registry.npmjs.org/util-deprecate
265 http 304 https://registry.npmjs.org/util-deprecate
266 verbose headers { date: 'Mon, 16 May 2016 19:32:52 GMT',
266 verbose headers   via: '1.1 varnish',
266 verbose headers   'cache-control': 'max-age=300',
266 verbose headers   etag: '"363T1WE4HHZV0LMEHAOBAVT0G"',
266 verbose headers   age: '208',
266 verbose headers   connection: 'keep-alive',
266 verbose headers   'x-served-by': 'cache-iad2122-IAD',
266 verbose headers   'x-cache': 'HIT',
266 verbose headers   'x-cache-hits': '38',
266 verbose headers   'x-timer': 'S1463427172.184781,VS0,VE0',
266 verbose headers   vary: 'Accept-Encoding' }
267 silly get cb [ 304,
267 silly get   { date: 'Mon, 16 May 2016 19:32:52 GMT',
267 silly get     via: '1.1 varnish',
267 silly get     'cache-control': 'max-age=300',
267 silly get     etag: '"363T1WE4HHZV0LMEHAOBAVT0G"',
267 silly get     age: '208',
267 silly get     connection: 'keep-alive',
267 silly get     'x-served-by': 'cache-iad2122-IAD',
267 silly get     'x-cache': 'HIT',
267 silly get     'x-cache-hits': '38',
267 silly get     'x-timer': 'S1463427172.184781,VS0,VE0',
267 silly get     vary: 'Accept-Encoding' } ]
268 verbose etag https://registry.npmjs.org/util-deprecate from cache
269 verbose get saving util-deprecate to /Users/Jhon/.npm/registry.npmjs.org/util-deprecate/.cache.json
270 silly resolveWithNewModule util-deprecate@1.0.2 checking installable status
271 silly cache add args [ 'util-deprecate@1.0.2', null ]
272 verbose cache add spec util-deprecate@1.0.2
273 silly cache add parsed spec Result {
273 silly cache add   raw: 'util-deprecate@1.0.2',
273 silly cache add   scope: null,
273 silly cache add   name: 'util-deprecate',
273 silly cache add   rawSpec: '1.0.2',
273 silly cache add   spec: '1.0.2',
273 silly cache add   type: 'version' }
274 silly addNamed util-deprecate@1.0.2
275 verbose addNamed "1.0.2" is a plain semver version for util-deprecate
276 silly mapToRegistry name util-deprecate
277 silly mapToRegistry using default registry
278 silly mapToRegistry registry https://registry.npmjs.org/
279 silly mapToRegistry uri https://registry.npmjs.org/util-deprecate
280 verbose addNameVersion registry:https://registry.npmjs.org/util-deprecate not in flight; fetching
281 verbose get https://registry.npmjs.org/util-deprecate not expired, no request
282 http 200 https://registry.npmjs.org/xmlbuilder
283 verbose headers { server: 'CouchDB/1.5.0 (Erlang OTP/R16B03)',
283 verbose headers   etag: '"5RM49TCXVBJOGEHLXTVR500F"',
283 verbose headers   'content-type': 'application/json',
283 verbose headers   'content-encoding': 'gzip',
283 verbose headers   'cache-control': 'max-age=300',
283 verbose headers   'content-length': '9684',
283 verbose headers   'accept-ranges': 'bytes',
283 verbose headers   date: 'Mon, 16 May 2016 19:32:52 GMT',
283 verbose headers   via: '1.1 varnish',
283 verbose headers   age: '186',
283 verbose headers   connection: 'keep-alive',
283 verbose headers   'x-served-by': 'cache-iad2137-IAD',
283 verbose headers   'x-cache': 'HIT',
283 verbose headers   'x-cache-hits': '7',
283 verbose headers   'x-timer': 'S1463427172.185683,VS0,VE0',
283 verbose headers   vary: 'Accept-Encoding' }
284 silly get cb [ 200,
284 silly get   { server: 'CouchDB/1.5.0 (Erlang OTP/R16B03)',
284 silly get     etag: '"5RM49TCXVBJOGEHLXTVR500F"',
284 silly get     'content-type': 'application/json',
284 silly get     'content-encoding': 'gzip',
284 silly get     'cache-control': 'max-age=300',
284 silly get     'content-length': '9684',
284 silly get     'accept-ranges': 'bytes',
284 silly get     date: 'Mon, 16 May 2016 19:32:52 GMT',
284 silly get     via: '1.1 varnish',
284 silly get     age: '186',
284 silly get     connection: 'keep-alive',
284 silly get     'x-served-by': 'cache-iad2137-IAD',
284 silly get     'x-cache': 'HIT',
284 silly get     'x-cache-hits': '7',
284 silly get     'x-timer': 'S1463427172.185683,VS0,VE0',
284 silly get     vary: 'Accept-Encoding' } ]
285 verbose get saving xmlbuilder to /Users/Jhon/.npm/registry.npmjs.org/xmlbuilder/.cache.json
286 silly cache afterAdd util-deprecate@1.0.2
287 verbose afterAdd /Users/Jhon/.npm/util-deprecate/1.0.2/package/package.json not in flight; writing
288 silly resolveWithNewModule xmlbuilder@4.0.0 checking installable status
289 silly cache add args [ 'xmlbuilder@4.0.0', null ]
290 verbose cache add spec xmlbuilder@4.0.0
291 silly cache add parsed spec Result {
291 silly cache add   raw: 'xmlbuilder@4.0.0',
291 silly cache add   scope: null,
291 silly cache add   name: 'xmlbuilder',
291 silly cache add   rawSpec: '4.0.0',
291 silly cache add   spec: '4.0.0',
291 silly cache add   type: 'version' }
292 silly addNamed xmlbuilder@4.0.0
293 verbose addNamed "4.0.0" is a plain semver version for xmlbuilder
294 silly mapToRegistry name xmlbuilder
295 silly mapToRegistry using default registry
296 silly mapToRegistry registry https://registry.npmjs.org/
297 silly mapToRegistry uri https://registry.npmjs.org/xmlbuilder
298 verbose addNameVersion registry:https://registry.npmjs.org/xmlbuilder not in flight; fetching
299 verbose afterAdd /Users/Jhon/.npm/util-deprecate/1.0.2/package/package.json written
300 verbose get https://registry.npmjs.org/xmlbuilder not expired, no request
301 silly cache afterAdd xmlbuilder@4.0.0
302 verbose afterAdd /Users/Jhon/.npm/xmlbuilder/4.0.0/package/package.json not in flight; writing
303 verbose afterAdd /Users/Jhon/.npm/xmlbuilder/4.0.0/package/package.json written
304 http 304 https://registry.npmjs.org/xmldom
305 verbose headers { date: 'Mon, 16 May 2016 19:32:52 GMT',
305 verbose headers   via: '1.1 varnish',
305 verbose headers   'cache-control': 'max-age=300',
305 verbose headers   etag: '"1S9SRL5LPRHIOVPX5XW3ALB9W"',
305 verbose headers   age: '250',
305 verbose headers   connection: 'keep-alive',
305 verbose headers   'x-served-by': 'cache-iad2133-IAD',
305 verbose headers   'x-cache': 'HIT',
305 verbose headers   'x-cache-hits': '2',
305 verbose headers   'x-timer': 'S1463427172.697401,VS0,VE0',
305 verbose headers   vary: 'Accept-Encoding' }
306 silly get cb [ 304,
306 silly get   { date: 'Mon, 16 May 2016 19:32:52 GMT',
306 silly get     via: '1.1 varnish',
306 silly get     'cache-control': 'max-age=300',
306 silly get     etag: '"1S9SRL5LPRHIOVPX5XW3ALB9W"',
306 silly get     age: '250',
306 silly get     connection: 'keep-alive',
306 silly get     'x-served-by': 'cache-iad2133-IAD',
306 silly get     'x-cache': 'HIT',
306 silly get     'x-cache-hits': '2',
306 silly get     'x-timer': 'S1463427172.697401,VS0,VE0',
306 silly get     vary: 'Accept-Encoding' } ]
307 verbose etag https://registry.npmjs.org/xmldom from cache
308 verbose get saving xmldom to /Users/Jhon/.npm/registry.npmjs.org/xmldom/.cache.json
309 silly resolveWithNewModule xmldom@0.1.22 checking installable status
310 silly cache add args [ 'xmldom@0.1.x', null ]
311 verbose cache add spec xmldom@0.1.x
312 silly cache add parsed spec Result {
312 silly cache add   raw: 'xmldom@0.1.x',
312 silly cache add   scope: null,
312 silly cache add   name: 'xmldom',
312 silly cache add   rawSpec: '0.1.x',
312 silly cache add   spec: '>=0.1.0 <0.2.0',
312 silly cache add   type: 'range' }
313 silly addNamed xmldom@>=0.1.0 <0.2.0
314 verbose addNamed ">=0.1.0 <0.2.0" is a valid semver range for xmldom
315 silly addNameRange { name: 'xmldom', range: '>=0.1.0 <0.2.0', hasData: false }
316 silly mapToRegistry name xmldom
317 silly mapToRegistry using default registry
318 silly mapToRegistry registry https://registry.npmjs.org/
319 silly mapToRegistry uri https://registry.npmjs.org/xmldom
320 verbose addNameRange registry:https://registry.npmjs.org/xmldom not in flight; fetching
321 verbose get https://registry.npmjs.org/xmldom not expired, no request
322 silly addNameRange number 2 { name: 'xmldom', range: '>=0.1.0 <0.2.0', hasData: true }
323 silly addNameRange versions [ 'xmldom',
323 silly addNameRange   [ '0.1.0',
323 silly addNameRange     '0.1.1',
323 silly addNameRange     '0.1.2',
323 silly addNameRange     '0.1.3',
323 silly addNameRange     '0.1.4',
323 silly addNameRange     '0.1.5',
323 silly addNameRange     '0.1.6',
323 silly addNameRange     '0.1.7',
323 silly addNameRange     '0.1.8',
323 silly addNameRange     '0.1.9',
323 silly addNameRange     '0.1.10',
323 silly addNameRange     '0.1.11',
323 silly addNameRange     '0.1.12',
323 silly addNameRange     '0.1.13',
323 silly addNameRange     '0.1.14',
323 silly addNameRange     '0.1.15',
323 silly addNameRange     '0.1.16',
323 silly addNameRange     '0.1.17',
323 silly addNameRange     '0.1.18',
323 silly addNameRange     '0.1.19',
323 silly addNameRange     '0.1.20',
323 silly addNameRange     '0.1.21',
323 silly addNameRange     '0.1.22' ] ]
324 silly addNamed xmldom@0.1.22
325 verbose addNamed "0.1.22" is a plain semver version for xmldom
326 http 304 https://registry.npmjs.org/base64-js
327 verbose headers { date: 'Mon, 16 May 2016 19:32:52 GMT',
327 verbose headers   via: '1.1 varnish',
327 verbose headers   'cache-control': 'max-age=300',
327 verbose headers   etag: '"DE7IP3N2ZOSYM9WJFO7XTR2PZ"',
327 verbose headers   age: '291',
327 verbose headers   connection: 'keep-alive',
327 verbose headers   'x-served-by': 'cache-iad2139-IAD',
327 verbose headers   'x-cache': 'HIT',
327 verbose headers   'x-cache-hits': '5',
327 verbose headers   'x-timer': 'S1463427172.719538,VS0,VE0',
327 verbose headers   vary: 'Accept-Encoding' }
328 silly get cb [ 304,
328 silly get   { date: 'Mon, 16 May 2016 19:32:52 GMT',
328 silly get     via: '1.1 varnish',
328 silly get     'cache-control': 'max-age=300',
328 silly get     etag: '"DE7IP3N2ZOSYM9WJFO7XTR2PZ"',
328 silly get     age: '291',
328 silly get     connection: 'keep-alive',
328 silly get     'x-served-by': 'cache-iad2139-IAD',
328 silly get     'x-cache': 'HIT',
328 silly get     'x-cache-hits': '5',
328 silly get     'x-timer': 'S1463427172.719538,VS0,VE0',
328 silly get     vary: 'Accept-Encoding' } ]
329 verbose etag https://registry.npmjs.org/base64-js from cache
330 verbose get saving base64-js to /Users/Jhon/.npm/registry.npmjs.org/base64-js/.cache.json
331 silly cache afterAdd xmldom@0.1.22
332 verbose afterAdd /Users/Jhon/.npm/xmldom/0.1.22/package/package.json not in flight; writing
333 silly resolveWithNewModule base64-js@0.0.8 checking installable status
334 silly cache add args [ 'base64-js@0.0.8', null ]
335 verbose cache add spec base64-js@0.0.8
336 silly cache add parsed spec Result {
336 silly cache add   raw: 'base64-js@0.0.8',
336 silly cache add   scope: null,
336 silly cache add   name: 'base64-js',
336 silly cache add   rawSpec: '0.0.8',
336 silly cache add   spec: '0.0.8',
336 silly cache add   type: 'version' }
337 silly addNamed base64-js@0.0.8
338 verbose addNamed "0.0.8" is a plain semver version for base64-js
339 silly mapToRegistry name base64-js
340 silly mapToRegistry using default registry
341 silly mapToRegistry registry https://registry.npmjs.org/
342 silly mapToRegistry uri https://registry.npmjs.org/base64-js
343 verbose addNameVersion registry:https://registry.npmjs.org/base64-js not in flight; fetching
344 verbose get https://registry.npmjs.org/base64-js not expired, no request
345 verbose afterAdd /Users/Jhon/.npm/xmldom/0.1.22/package/package.json written
346 silly cache afterAdd base64-js@0.0.8
347 verbose afterAdd /Users/Jhon/.npm/base64-js/0.0.8/package/package.json not in flight; writing
348 verbose afterAdd /Users/Jhon/.npm/base64-js/0.0.8/package/package.json written
349 silly fetchNamedPackageData lodash
350 silly mapToRegistry name lodash
351 silly mapToRegistry using default registry
352 silly mapToRegistry registry https://registry.npmjs.org/
353 silly mapToRegistry uri https://registry.npmjs.org/lodash
354 verbose request uri https://registry.npmjs.org/lodash
355 verbose request no auth needed
356 info attempt registry request try #1 at 2:32:53 PM
357 verbose etag "D2GWPI3LZLAHRHJB23N2B2NNW"
358 http request GET https://registry.npmjs.org/lodash
359 http 200 https://registry.npmjs.org/lodash
360 verbose headers { server: 'CouchDB/1.5.0 (Erlang OTP/R16B03)',
360 verbose headers   etag: '"12YZ9EP06DVXW5QBZM5Z0HKOC"',
360 verbose headers   'content-type': 'application/json',
360 verbose headers   'content-encoding': 'gzip',
360 verbose headers   'cache-control': 'max-age=300',
360 verbose headers   'content-length': '17301',
360 verbose headers   'accept-ranges': 'bytes',
360 verbose headers   date: 'Mon, 16 May 2016 19:32:53 GMT',
360 verbose headers   via: '1.1 varnish',
360 verbose headers   age: '12',
360 verbose headers   connection: 'keep-alive',
360 verbose headers   'x-served-by': 'cache-iad2131-IAD',
360 verbose headers   'x-cache': 'HIT',
360 verbose headers   'x-cache-hits': '2',
360 verbose headers   'x-timer': 'S1463427173.609002,VS0,VE0',
360 verbose headers   vary: 'Accept-Encoding' }
361 silly get cb [ 200,
361 silly get   { server: 'CouchDB/1.5.0 (Erlang OTP/R16B03)',
361 silly get     etag: '"12YZ9EP06DVXW5QBZM5Z0HKOC"',
361 silly get     'content-type': 'application/json',
361 silly get     'content-encoding': 'gzip',
361 silly get     'cache-control': 'max-age=300',
361 silly get     'content-length': '17301',
361 silly get     'accept-ranges': 'bytes',
361 silly get     date: 'Mon, 16 May 2016 19:32:53 GMT',
361 silly get     via: '1.1 varnish',
361 silly get     age: '12',
361 silly get     connection: 'keep-alive',
361 silly get     'x-served-by': 'cache-iad2131-IAD',
361 silly get     'x-cache': 'HIT',
361 silly get     'x-cache-hits': '2',
361 silly get     'x-timer': 'S1463427173.609002,VS0,VE0',
361 silly get     vary: 'Accept-Encoding' } ]
362 verbose get saving lodash to /Users/Jhon/.npm/registry.npmjs.org/lodash/.cache.json
363 silly resolveWithNewModule lodash@3.10.1 checking installable status
364 silly cache add args [ 'lodash@^3.5.0', null ]
365 verbose cache add spec lodash@^3.5.0
366 silly cache add parsed spec Result {
366 silly cache add   raw: 'lodash@^3.5.0',
366 silly cache add   scope: null,
366 silly cache add   name: 'lodash',
366 silly cache add   rawSpec: '^3.5.0',
366 silly cache add   spec: '>=3.5.0 <4.0.0',
366 silly cache add   type: 'range' }
367 silly addNamed lodash@>=3.5.0 <4.0.0
368 verbose addNamed ">=3.5.0 <4.0.0" is a valid semver range for lodash
369 silly addNameRange { name: 'lodash', range: '>=3.5.0 <4.0.0', hasData: false }
370 silly mapToRegistry name lodash
371 silly mapToRegistry using default registry
372 silly mapToRegistry registry https://registry.npmjs.org/
373 silly mapToRegistry uri https://registry.npmjs.org/lodash
374 verbose addNameRange registry:https://registry.npmjs.org/lodash not in flight; fetching
375 verbose get https://registry.npmjs.org/lodash not expired, no request
376 silly addNameRange number 2 { name: 'lodash', range: '>=3.5.0 <4.0.0', hasData: true }
377 silly addNameRange versions [ 'lodash',
377 silly addNameRange   [ '0.1.0',
377 silly addNameRange     '0.2.0',
377 silly addNameRange     '0.2.1',
377 silly addNameRange     '0.2.2',
377 silly addNameRange     '0.3.0',
377 silly addNameRange     '0.3.1',
377 silly addNameRange     '0.3.2',
377 silly addNameRange     '0.4.0',
377 silly addNameRange     '0.4.1',
377 silly addNameRange     '0.4.2',
377 silly addNameRange     '0.5.0-rc.1',
377 silly addNameRange     '0.5.0',
377 silly addNameRange     '0.5.1',
377 silly addNameRange     '0.5.2',
377 silly addNameRange     '0.6.0',
377 silly addNameRange     '0.6.1',
377 silly addNameRange     '0.7.0',
377 silly addNameRange     '0.8.0',
377 silly addNameRange     '0.8.1',
377 silly addNameRange     '0.8.2',
377 silly addNameRange     '0.9.0',
377 silly addNameRange     '0.9.1',
377 silly addNameRange     '0.9.2',
377 silly addNameRange     '0.10.0',
377 silly addNameRange     '1.0.0-rc.1',
377 silly addNameRange     '1.0.0-rc.2',
377 silly addNameRange     '1.0.0-rc.3',
377 silly addNameRange     '1.0.0',
377 silly addNameRange     '1.0.1',
377 silly addNameRange     '1.1.0',
377 silly addNameRange     '1.1.1',
377 silly addNameRange     '1.2.0',
377 silly addNameRange     '1.2.1',
377 silly addNameRange     '1.3.0',
377 silly addNameRange     '1.3.1',
377 silly addNameRange     '2.0.0',
377 silly addNameRange     '2.1.0',
377 silly addNameRange     '2.2.0',
377 silly addNameRange     '2.2.1',
377 silly addNameRange     '2.3.0',
377 silly addNameRange     '2.4.0',
377 silly addNameRange     '2.4.1',
377 silly addNameRange     '3.0.0',
377 silly addNameRange     '3.0.1',
377 silly addNameRange     '3.1.0',
377 silly addNameRange     '3.2.0',
377 silly addNameRange     '3.3.0',
377 silly addNameRange     '3.3.1',
377 silly addNameRange     '3.4.0',
377 silly addNameRange     '3.5.0',
377 silly addNameRange     '3.6.0',
377 silly addNameRange     '1.0.2',
377 silly addNameRange     '3.7.0',
377 silly addNameRange     '2.4.2',
377 silly addNameRange     '3.8.0',
377 silly addNameRange     '3.9.0',
377 silly addNameRange     '3.9.1',
377 silly addNameRange     '3.9.2',
377 silly addNameRange     '3.9.3',
377 silly addNameRange     '3.10.0',
377 silly addNameRange     '3.10.1',
377 silly addNameRange     '4.0.0',
377 silly addNameRange     '4.0.1',
377 silly addNameRange     '4.1.0',
377 silly addNameRange     '4.2.0',
377 silly addNameRange     '4.2.1',
377 silly addNameRange     '4.3.0',
377 silly addNameRange     '4.4.0',
377 silly addNameRange     '4.5.0',
377 silly addNameRange     '4.5.1',
377 silly addNameRange     '4.6.0',
377 silly addNameRange     '4.6.1',
377 silly addNameRange     '4.7.0',
377 silly addNameRange     '4.8.0',
377 silly addNameRange     '4.8.1',
377 silly addNameRange     '4.8.2',
377 silly addNameRange     '4.9.0',
377 silly addNameRange     '4.10.0',
377 silly addNameRange     '4.11.0',
377 silly addNameRange     '4.11.1',
377 silly addNameRange     '4.11.2',
377 silly addNameRange     '4.12.0' ] ]
378 silly addNamed lodash@3.10.1
379 verbose addNamed "3.10.1" is a plain semver version for lodash
380 silly cache afterAdd lodash@3.10.1
381 verbose afterAdd /Users/Jhon/.npm/lodash/3.10.1/package/package.json not in flight; writing
382 verbose afterAdd /Users/Jhon/.npm/lodash/3.10.1/package/package.json written
383 silly fetchNamedPackageData shelljs
384 silly mapToRegistry name shelljs
385 silly mapToRegistry using default registry
386 silly mapToRegistry registry https://registry.npmjs.org/
387 silly mapToRegistry uri https://registry.npmjs.org/shelljs
388 silly fetchNamedPackageData tail
389 silly mapToRegistry name tail
390 silly mapToRegistry using default registry
391 silly mapToRegistry registry https://registry.npmjs.org/
392 silly mapToRegistry uri https://registry.npmjs.org/tail
393 verbose request uri https://registry.npmjs.org/shelljs
394 verbose request no auth needed
395 info attempt registry request try #1 at 2:32:54 PM
396 verbose etag "7B2UVLMWDIO9VXF5A4JQNOMK1"
397 http request GET https://registry.npmjs.org/shelljs
398 verbose request uri https://registry.npmjs.org/tail
399 verbose request no auth needed
400 info attempt registry request try #1 at 2:32:54 PM
401 verbose etag "BSBBSKKLRX91YSC2DB2Q61FU8"
402 http request GET https://registry.npmjs.org/tail
403 http 200 https://registry.npmjs.org/shelljs
404 verbose headers { server: 'CouchDB/1.5.0 (Erlang OTP/R16B03)',
404 verbose headers   etag: '"ESHG7B6F01M6EVRO7HXIDBE3V"',
404 verbose headers   'content-type': 'application/json',
404 verbose headers   'content-encoding': 'gzip',
404 verbose headers   'cache-control': 'max-age=300',
404 verbose headers   'content-length': '14354',
404 verbose headers   'accept-ranges': 'bytes',
404 verbose headers   date: 'Mon, 16 May 2016 19:32:54 GMT',
404 verbose headers   via: '1.1 varnish',
404 verbose headers   age: '263',
404 verbose headers   connection: 'keep-alive',
404 verbose headers   'x-served-by': 'cache-iad2133-IAD',
404 verbose headers   'x-cache': 'HIT',
404 verbose headers   'x-cache-hits': '10',
404 verbose headers   'x-timer': 'S1463427174.822929,VS0,VE0',
404 verbose headers   vary: 'Accept-Encoding' }
405 silly get cb [ 200,
405 silly get   { server: 'CouchDB/1.5.0 (Erlang OTP/R16B03)',
405 silly get     etag: '"ESHG7B6F01M6EVRO7HXIDBE3V"',
405 silly get     'content-type': 'application/json',
405 silly get     'content-encoding': 'gzip',
405 silly get     'cache-control': 'max-age=300',
405 silly get     'content-length': '14354',
405 silly get     'accept-ranges': 'bytes',
405 silly get     date: 'Mon, 16 May 2016 19:32:54 GMT',
405 silly get     via: '1.1 varnish',
405 silly get     age: '263',
405 silly get     connection: 'keep-alive',
405 silly get     'x-served-by': 'cache-iad2133-IAD',
405 silly get     'x-cache': 'HIT',
405 silly get     'x-cache-hits': '10',
405 silly get     'x-timer': 'S1463427174.822929,VS0,VE0',
405 silly get     vary: 'Accept-Encoding' } ]
406 verbose get saving shelljs to /Users/Jhon/.npm/registry.npmjs.org/shelljs/.cache.json
407 silly resolveWithNewModule shelljs@0.2.6 checking installable status
408 silly cache add args [ 'shelljs@^0.2.6', null ]
409 verbose cache add spec shelljs@^0.2.6
410 silly cache add parsed spec Result {
410 silly cache add   raw: 'shelljs@^0.2.6',
410 silly cache add   scope: null,
410 silly cache add   name: 'shelljs',
410 silly cache add   rawSpec: '^0.2.6',
410 silly cache add   spec: '>=0.2.6 <0.3.0',
410 silly cache add   type: 'range' }
411 silly addNamed shelljs@>=0.2.6 <0.3.0
412 verbose addNamed ">=0.2.6 <0.3.0" is a valid semver range for shelljs
413 silly addNameRange { name: 'shelljs', range: '>=0.2.6 <0.3.0', hasData: false }
414 silly mapToRegistry name shelljs
415 silly mapToRegistry using default registry
416 silly mapToRegistry registry https://registry.npmjs.org/
417 silly mapToRegistry uri https://registry.npmjs.org/shelljs
418 verbose addNameRange registry:https://registry.npmjs.org/shelljs not in flight; fetching
419 verbose get https://registry.npmjs.org/shelljs not expired, no request
420 silly addNameRange number 2 { name: 'shelljs', range: '>=0.2.6 <0.3.0', hasData: true }
421 silly addNameRange versions [ 'shelljs',
421 silly addNameRange   [ '0.0.1',
421 silly addNameRange     '0.0.2',
421 silly addNameRange     '0.0.3',
421 silly addNameRange     '0.0.4',
421 silly addNameRange     '0.0.5',
421 silly addNameRange     '0.0.6',
421 silly addNameRange     '0.0.7',
421 silly addNameRange     '0.0.8',
421 silly addNameRange     '0.0.9',
421 silly addNameRange     '0.1.0',
421 silly addNameRange     '0.1.1',
421 silly addNameRange     '0.1.2',
421 silly addNameRange     '0.1.3',
421 silly addNameRange     '0.1.4',
421 silly addNameRange     '0.2.0',
421 silly addNameRange     '0.2.1',
421 silly addNameRange     '0.2.2',
421 silly addNameRange     '0.2.3',
421 silly addNameRange     '0.2.4',
421 silly addNameRange     '0.2.5',
421 silly addNameRange     '0.2.6',
421 silly addNameRange     '0.3.0',
421 silly addNameRange     '0.4.0',
421 silly addNameRange     '0.5.0',
421 silly addNameRange     '0.5.1',
421 silly addNameRange     '0.5.2',
421 silly addNameRange     '0.5.3',
421 silly addNameRange     '0.6.0',
421 silly addNameRange     '0.7.0',
421 silly addNameRange     '0.0.1-alpha1',
421 silly addNameRange     '0.0.2-pre1',
421 silly addNameRange     '0.0.4-pre1',
421 silly addNameRange     '0.0.5-pre1',
421 silly addNameRange     '0.0.5-pre2',
421 silly addNameRange     '0.0.5-pre3',
421 silly addNameRange     '0.0.5-pre4',
421 silly addNameRange     '0.0.6-pre1',
421 silly addNameRange     '0.0.6-pre2' ] ]
422 silly addNamed shelljs@0.2.6
423 verbose addNamed "0.2.6" is a plain semver version for shelljs
424 silly cache afterAdd shelljs@0.2.6
425 verbose afterAdd /Users/Jhon/.npm/shelljs/0.2.6/package/package.json not in flight; writing
426 verbose afterAdd /Users/Jhon/.npm/shelljs/0.2.6/package/package.json written
427 http 304 https://registry.npmjs.org/tail
428 verbose headers { date: 'Mon, 16 May 2016 19:32:54 GMT',
428 verbose headers   via: '1.1 varnish',
428 verbose headers   'cache-control': 'max-age=300',
428 verbose headers   etag: '"BSBBSKKLRX91YSC2DB2Q61FU8"',
428 verbose headers   age: '0',
428 verbose headers   connection: 'keep-alive',
428 verbose headers   'x-served-by': 'cache-iad2142-IAD',
428 verbose headers   'x-cache': 'HIT',
428 verbose headers   'x-cache-hits': '1',
428 verbose headers   'x-timer': 'S1463427174.855165,VS0,VE76',
428 verbose headers   vary: 'Accept-Encoding' }
429 silly get cb [ 304,
429 silly get   { date: 'Mon, 16 May 2016 19:32:54 GMT',
429 silly get     via: '1.1 varnish',
429 silly get     'cache-control': 'max-age=300',
429 silly get     etag: '"BSBBSKKLRX91YSC2DB2Q61FU8"',
429 silly get     age: '0',
429 silly get     connection: 'keep-alive',
429 silly get     'x-served-by': 'cache-iad2142-IAD',
429 silly get     'x-cache': 'HIT',
429 silly get     'x-cache-hits': '1',
429 silly get     'x-timer': 'S1463427174.855165,VS0,VE76',
429 silly get     vary: 'Accept-Encoding' } ]
430 verbose etag https://registry.npmjs.org/tail from cache
431 verbose get saving tail to /Users/Jhon/.npm/registry.npmjs.org/tail/.cache.json
432 silly resolveWithNewModule tail@0.4.0 checking installable status
433 silly cache add args [ 'tail@^0.4.0', null ]
434 verbose cache add spec tail@^0.4.0
435 silly cache add parsed spec Result {
435 silly cache add   raw: 'tail@^0.4.0',
435 silly cache add   scope: null,
435 silly cache add   name: 'tail',
435 silly cache add   rawSpec: '^0.4.0',
435 silly cache add   spec: '>=0.4.0 <0.5.0',
435 silly cache add   type: 'range' }
436 silly addNamed tail@>=0.4.0 <0.5.0
437 verbose addNamed ">=0.4.0 <0.5.0" is a valid semver range for tail
438 silly addNameRange { name: 'tail', range: '>=0.4.0 <0.5.0', hasData: false }
439 silly mapToRegistry name tail
440 silly mapToRegistry using default registry
441 silly mapToRegistry registry https://registry.npmjs.org/
442 silly mapToRegistry uri https://registry.npmjs.org/tail
443 verbose addNameRange registry:https://registry.npmjs.org/tail not in flight; fetching
444 verbose get https://registry.npmjs.org/tail not expired, no request
445 silly addNameRange number 2 { name: 'tail', range: '>=0.4.0 <0.5.0', hasData: true }
446 silly addNameRange versions [ 'tail',
446 silly addNameRange   [ '0.0.3',
446 silly addNameRange     '0.0.4',
446 silly addNameRange     '0.1.0',
446 silly addNameRange     '0.1.1',
446 silly addNameRange     '0.1.2',
446 silly addNameRange     '0.2.0',
446 silly addNameRange     '0.2.1',
446 silly addNameRange     '0.2.2',
446 silly addNameRange     '0.2.3',
446 silly addNameRange     '0.2.4',
446 silly addNameRange     '0.3.0',
446 silly addNameRange     '0.3.1',
446 silly addNameRange     '0.3.2',
446 silly addNameRange     '0.3.5',
446 silly addNameRange     '0.3.6',
446 silly addNameRange     '0.3.7',
446 silly addNameRange     '0.3.8',
446 silly addNameRange     '0.3.9',
446 silly addNameRange     '0.4.0',
446 silly addNameRange     '1.0.0',
446 silly addNameRange     '1.0.1',
446 silly addNameRange     '1.1.0' ] ]
447 silly addNamed tail@0.4.0
448 verbose addNamed "0.4.0" is a plain semver version for tail
449 silly cache afterAdd tail@0.4.0
450 verbose afterAdd /Users/Jhon/.npm/tail/0.4.0/package/package.json not in flight; writing
451 verbose afterAdd /Users/Jhon/.npm/tail/0.4.0/package/package.json written
452 silly loadAllDepsIntoIdealTree Finishing
453 silly idealTree:prePrune lib
453 silly idealTree:prePrune  ios-sim@5.0.8
453 silly idealTree:prePrune    abbrev@1.0.7
453 silly idealTree:prePrune    base64-js@0.0.8
453 silly idealTree:prePrune    bplist-parser@0.0.6
453 silly idealTree:prePrune    lodash@3.10.1
453 silly idealTree:prePrune    nopt@1.0.9
453 silly idealTree:prePrune    plist@1.2.0
453 silly idealTree:prePrune    shelljs@0.2.6
453 silly idealTree:prePrune    simctl@0.0.9
453 silly idealTree:prePrune    tail@0.4.0
453 silly idealTree:prePrune    util-deprecate@1.0.2
453 silly idealTree:prePrune    xmlbuilder@4.0.0
453 silly idealTree:prePrune    xmldom@0.1.22
454 silly loadIdealTree Finishing
455 silly currentTree lib
456 silly idealTree lib
456 silly idealTree  ios-sim@5.0.8
456 silly idealTree    abbrev@1.0.7
456 silly idealTree    base64-js@0.0.8
456 silly idealTree    bplist-parser@0.0.6
456 silly idealTree    lodash@3.10.1
456 silly idealTree    nopt@1.0.9
456 silly idealTree    plist@1.2.0
456 silly idealTree    shelljs@0.2.6
456 silly idealTree    simctl@0.0.9
456 silly idealTree    tail@0.4.0
456 silly idealTree    util-deprecate@1.0.2
456 silly idealTree    xmlbuilder@4.0.0
456 silly idealTree    xmldom@0.1.22
457 silly generateActionsToTake Starting
458 silly install generateActionsToTake
459 warn checkPermissions Missing write access to /usr/local/lib/node_modules
460 silly rollbackFailedOptional Starting
461 silly rollbackFailedOptional Finishing
462 silly runTopLevelLifecycles Starting
463 silly runTopLevelLifecycles Finishing
464 silly install printInstalled
465 verbose stack Error: EACCES: permission denied, access '/usr/local/lib/node_modules'
465 verbose stack     at Error (native)
466 verbose cwd /Users/Jhon/GitHub/JamesBest/conf
467 error Darwin 15.4.0
468 error argv "/usr/local/bin/node" "/usr/local/bin/npm" "install" "-g" "ios-sim"
469 error node v5.1.0
470 error npm  v3.5.2
471 error path /usr/local/lib/node_modules
472 error code EACCES
473 error errno -13
474 error syscall access
475 error Error: EACCES: permission denied, access '/usr/local/lib/node_modules'
475 error     at Error (native)
475 error  { [Error: EACCES: permission denied, access '/usr/local/lib/node_modules']
475 error   errno: -13,
475 error   code: 'EACCES',
475 error   syscall: 'access',
475 error   path: '/usr/local/lib/node_modules' }
476 error Please try running this command again as root/Administrator.
477 verbose exit [ -13, true ]
